<?xml version="1.0" encoding="UTF-8"?>
<!-- Generated by org.testng.reporters.JUnitXMLReporter -->
<testsuite ignored="14" hostname="LAPTOP-0P8CE3JV" failures="4" tests="8" name="Test" time="564.995" errors="0" timestamp="2025-06-01T19:28:21 IST">
  <testcase classname="testCases.TC018AppsPage$TC013VPCNetwork" name="createNewInstance" time="22.656">
    <failure type="java.lang.RuntimeException" message="See the reporter for details.">
      <![CDATA[java.lang.RuntimeException: See the reporter for details.
at com.framework.utils.ReportManager.reportStep(ReportManager.java:92)
at com.framework.utils.ReportManager.reportStep(ReportManager.java:107)
at com.framework.base.SeleniumWrapper.locateElement(SeleniumWrapper.java:675)
at com.framework.base.SeleniumWrapper.click(SeleniumWrapper.java:207)
at com.wolfapp.AppPages.MyImagesPage.clickMyISO(MyImagesPage.java:15)
at testCases.TC018AppsPage$TC013VPCNetwork.createNewInstance(TC018AppsPage.java:29)
at java.base/jdk.internal.reflect.NativeMethodAccessorImpl.invoke0(Native Method)
at java.base/jdk.internal.reflect.NativeMethodAccessorImpl.invoke(NativeMethodAccessorImpl.java:77)
at java.base/jdk.internal.reflect.DelegatingMethodAccessorImpl.invoke(DelegatingMethodAccessorImpl.java:43)
at java.base/java.lang.reflect.Method.invoke(Method.java:568)
at org.testng.internal.MethodInvocationHelper.invokeMethod(MethodInvocationHelper.java:133)
at org.testng.internal.TestInvoker.invokeMethod(TestInvoker.java:598)
at org.testng.internal.TestInvoker.invokeTestMethod(TestInvoker.java:173)
at org.testng.internal.MethodRunner.runInSequence(MethodRunner.java:46)
at org.testng.internal.TestInvoker$MethodInvocationAgent.invoke(TestInvoker.java:824)
at org.testng.internal.TestInvoker.invokeTestMethods(TestInvoker.java:146)
at org.testng.internal.TestMethodWorker.invokeTestMethods(TestMethodWorker.java:146)
at org.testng.internal.TestMethodWorker.run(TestMethodWorker.java:128)
at java.base/java.util.ArrayList.forEach(ArrayList.java:1511)
at org.testng.TestRunner.privateRun(TestRunner.java:794)
at org.testng.TestRunner.run(TestRunner.java:596)
at org.testng.SuiteRunner.runTest(SuiteRunner.java:377)
at org.testng.SuiteRunner.runSequentially(SuiteRunner.java:371)
at org.testng.SuiteRunner.privateRun(SuiteRunner.java:332)
at org.testng.SuiteRunner.run(SuiteRunner.java:276)
at org.testng.SuiteRunnerWorker.runSuite(SuiteRunnerWorker.java:53)
at org.testng.SuiteRunnerWorker.run(SuiteRunnerWorker.java:96)
at org.testng.TestNG.runSuitesSequentially(TestNG.java:1212)
at org.testng.TestNG.runSuitesLocally(TestNG.java:1134)
at org.testng.TestNG.runSuites(TestNG.java:1063)
at org.testng.TestNG.run(TestNG.java:1031)
at org.testng.remote.AbstractRemoteTestNG.run(AbstractRemoteTestNG.java:115)
at org.testng.remote.RemoteTestNG.initAndRun(RemoteTestNG.java:293)
at org.testng.remote.RemoteTestNG.main(RemoteTestNG.java:91)
]]>
    </failure>
  </testcase> <!-- createNewInstance -->
  <testcase classname="testCases.TC019AddonPages" name="createNewInstance" time="15.6"/>
  <testcase classname="testCases.TC020BillingPages" name="BillingPages" time="18.477"/>
  <testcase classname="testCases.TC021SupportPages" name="createNewInstance" time="52.438">
    <failure type="java.lang.RuntimeException" message="See the reporter for details.">
      <![CDATA[java.lang.RuntimeException: See the reporter for details.
at com.framework.utils.ReportManager.reportStep(ReportManager.java:92)
at com.framework.utils.ReportManager.reportStep(ReportManager.java:107)
at com.framework.base.SeleniumWrapper.locateElement(SeleniumWrapper.java:672)
at com.framework.base.SeleniumWrapper.click(SeleniumWrapper.java:207)
at com.wolfapp.SupportPages.SupportPlanPage.clickTotalTickets(SupportPlanPage.java:9)
at testCases.TC021SupportPages.createNewInstance(TC021SupportPages.java:25)
at java.base/jdk.internal.reflect.NativeMethodAccessorImpl.invoke0(Native Method)
at java.base/jdk.internal.reflect.NativeMethodAccessorImpl.invoke(NativeMethodAccessorImpl.java:77)
at java.base/jdk.internal.reflect.DelegatingMethodAccessorImpl.invoke(DelegatingMethodAccessorImpl.java:43)
at java.base/java.lang.reflect.Method.invoke(Method.java:568)
at org.testng.internal.MethodInvocationHelper.invokeMethod(MethodInvocationHelper.java:133)
at org.testng.internal.TestInvoker.invokeMethod(TestInvoker.java:598)
at org.testng.internal.TestInvoker.invokeTestMethod(TestInvoker.java:173)
at org.testng.internal.MethodRunner.runInSequence(MethodRunner.java:46)
at org.testng.internal.TestInvoker$MethodInvocationAgent.invoke(TestInvoker.java:824)
at org.testng.internal.TestInvoker.invokeTestMethods(TestInvoker.java:146)
at org.testng.internal.TestMethodWorker.invokeTestMethods(TestMethodWorker.java:146)
at org.testng.internal.TestMethodWorker.run(TestMethodWorker.java:128)
at java.base/java.util.ArrayList.forEach(ArrayList.java:1511)
at org.testng.TestRunner.privateRun(TestRunner.java:794)
at org.testng.TestRunner.run(TestRunner.java:596)
at org.testng.SuiteRunner.runTest(SuiteRunner.java:377)
at org.testng.SuiteRunner.runSequentially(SuiteRunner.java:371)
at org.testng.SuiteRunner.privateRun(SuiteRunner.java:332)
at org.testng.SuiteRunner.run(SuiteRunner.java:276)
at org.testng.SuiteRunnerWorker.runSuite(SuiteRunnerWorker.java:53)
at org.testng.SuiteRunnerWorker.run(SuiteRunnerWorker.java:96)
at org.testng.TestNG.runSuitesSequentially(TestNG.java:1212)
at org.testng.TestNG.runSuitesLocally(TestNG.java:1134)
at org.testng.TestNG.runSuites(TestNG.java:1063)
at org.testng.TestNG.run(TestNG.java:1031)
at org.testng.remote.AbstractRemoteTestNG.run(AbstractRemoteTestNG.java:115)
at org.testng.remote.RemoteTestNG.initAndRun(RemoteTestNG.java:293)
at org.testng.remote.RemoteTestNG.main(RemoteTestNG.java:91)
]]>
    </failure>
  </testcase> <!-- createNewInstance -->
  <testcase classname="testCases.TC022ProfileScreen" name="createNewInstance" time="38.068"/>
  <testcase classname="testCases.TC023CreateRoles" name="kubernetes" time="56.693">
    <failure type="java.lang.RuntimeException" message="See the reporter for details.">
      <![CDATA[java.lang.RuntimeException: See the reporter for details.
at com.framework.utils.ReportManager.reportStep(ReportManager.java:92)
at com.framework.utils.ReportManager.reportStep(ReportManager.java:107)
at com.framework.base.SeleniumWrapper.locateElement(SeleniumWrapper.java:672)
at com.framework.base.SeleniumWrapper.click(SeleniumWrapper.java:207)
at com.wolfapp.company.RolePage.createRole(RolePage.java:18)
at testCases.TC023CreateRoles.kubernetes(TC023CreateRoles.java:24)
at java.base/jdk.internal.reflect.NativeMethodAccessorImpl.invoke0(Native Method)
at java.base/jdk.internal.reflect.NativeMethodAccessorImpl.invoke(NativeMethodAccessorImpl.java:77)
at java.base/jdk.internal.reflect.DelegatingMethodAccessorImpl.invoke(DelegatingMethodAccessorImpl.java:43)
at java.base/java.lang.reflect.Method.invoke(Method.java:568)
at org.testng.internal.MethodInvocationHelper.invokeMethod(MethodInvocationHelper.java:133)
at org.testng.internal.TestInvoker.invokeMethod(TestInvoker.java:598)
at org.testng.internal.TestInvoker.invokeTestMethod(TestInvoker.java:173)
at org.testng.internal.MethodRunner.runInSequence(MethodRunner.java:46)
at org.testng.internal.TestInvoker$MethodInvocationAgent.invoke(TestInvoker.java:824)
at org.testng.internal.TestInvoker.invokeTestMethods(TestInvoker.java:146)
at org.testng.internal.TestMethodWorker.invokeTestMethods(TestMethodWorker.java:146)
at org.testng.internal.TestMethodWorker.run(TestMethodWorker.java:128)
at java.base/java.util.ArrayList.forEach(ArrayList.java:1511)
at org.testng.TestRunner.privateRun(TestRunner.java:794)
at org.testng.TestRunner.run(TestRunner.java:596)
at org.testng.SuiteRunner.runTest(SuiteRunner.java:377)
at org.testng.SuiteRunner.runSequentially(SuiteRunner.java:371)
at org.testng.SuiteRunner.privateRun(SuiteRunner.java:332)
at org.testng.SuiteRunner.run(SuiteRunner.java:276)
at org.testng.SuiteRunnerWorker.runSuite(SuiteRunnerWorker.java:53)
at org.testng.SuiteRunnerWorker.run(SuiteRunnerWorker.java:96)
at org.testng.TestNG.runSuitesSequentially(TestNG.java:1212)
at org.testng.TestNG.runSuitesLocally(TestNG.java:1134)
at org.testng.TestNG.runSuites(TestNG.java:1063)
at org.testng.TestNG.run(TestNG.java:1031)
at org.testng.remote.AbstractRemoteTestNG.run(AbstractRemoteTestNG.java:115)
at org.testng.remote.RemoteTestNG.initAndRun(RemoteTestNG.java:293)
at org.testng.remote.RemoteTestNG.main(RemoteTestNG.java:91)
]]>
    </failure>
  </testcase> <!-- kubernetes -->
  <testcase classname="testCases.TC024CreateSubUsers" name="kubernetes" time="20.516"/>
  <testcase classname="testCases.TC025QuotaAndEvents" name="kubernetes" time="276.478">
    <failure type="java.lang.StackOverflowError">
      <![CDATA[java.lang.StackOverflowError
at java.base/java.lang.invoke.MethodTypeForm.canonicalizeAll(MethodTypeForm.java:284)
at java.base/java.lang.invoke.MethodTypeForm.canonicalize(MethodTypeForm.java:243)
at java.base/java.lang.invoke.MethodTypeForm.findForm(MethodTypeForm.java:220)
at java.base/java.lang.invoke.MethodType.makeImpl(MethodType.java:356)
at java.base/java.lang.invoke.MethodHandleNatives.findMethodHandleType(MethodHandleNatives.java:399)
at org.openqa.selenium.WebDriverException.getDriverName(WebDriverException.java:117)
at org.openqa.selenium.WebDriverException.lambda$getAdditionalInformation$5(WebDriverException.java:134)
at java.base/java.util.concurrent.ConcurrentHashMap.computeIfAbsent(ConcurrentHashMap.java:1708)
at org.openqa.selenium.WebDriverException.getAdditionalInformation(WebDriverException.java:133)
at org.openqa.selenium.WebDriverException.createMessage(WebDriverException.java:88)
at org.openqa.selenium.WebDriverException.getMessage(WebDriverException.java:64)
at org.openqa.selenium.remote.RemoteWebDriver.execute(RemoteWebDriver.java:614)
at org.openqa.selenium.remote.RemoteWebDriver.execute(RemoteWebDriver.java:675)
at org.openqa.selenium.remote.RemoteWebDriver.execute(RemoteWebDriver.java:679)
at org.openqa.selenium.remote.RemoteWebDriver.getScreenshotAs(RemoteWebDriver.java:325)
at com.framework.base.SeleniumWrapper.takeSnap(SeleniumWrapper.java:898)
at com.framework.utils.ReportManager.reportStep(ReportManager.java:80)
at com.framework.utils.ReportManager.reportStep(ReportManager.java:107)
at com.framework.base.SeleniumWrapper.takeSnap(SeleniumWrapper.java:901)
at com.framework.utils.ReportManager.reportStep(ReportManager.java:80)
at com.framework.utils.ReportManager.reportStep(ReportManager.java:107)
at com.framework.base.SeleniumWrapper.takeSnap(SeleniumWrapper.java:901)
at com.framework.utils.ReportManager.reportStep(ReportManager.java:80)
at com.framework.utils.ReportManager.reportStep(ReportManager.java:107)
at com.framework.base.SeleniumWrapper.takeSnap(SeleniumWrapper.java:901)
at com.framework.utils.ReportManager.reportStep(ReportManager.java:80)
at com.framework.utils.ReportManager.reportStep(ReportManager.java:107)
at com.framework.base.SeleniumWrapper.takeSnap(SeleniumWrapper.java:901)
at com.framework.utils.ReportManager.reportStep(ReportManager.java:80)
at com.framework.utils.ReportManager.reportStep(ReportManager.java:107)
at com.framework.base.SeleniumWrapper.takeSnap(SeleniumWrapper.java:901)
at com.framework.utils.ReportManager.reportStep(ReportManager.java:80)
at com.framework.utils.ReportManager.reportStep(ReportManager.java:107)
at com.framework.base.SeleniumWrapper.takeSnap(SeleniumWrapper.java:901)
at com.framework.utils.ReportManager.reportStep(ReportManager.java:80)
at com.framework.utils.ReportManager.reportStep(ReportManager.java:107)
at com.framework.base.SeleniumWrapper.takeSnap(SeleniumWrapper.java:901)
at com.framework.utils.ReportManager.reportStep(ReportManager.java:80)
at com.framework.utils.ReportManager.reportStep(ReportManager.java:107)
at com.framework.base.SeleniumWrapper.takeSnap(SeleniumWrapper.java:901)
at com.framework.utils.ReportManager.reportStep(ReportManager.java:80)
at com.framework.utils.ReportManager.reportStep(ReportManager.java:107)
at com.framework.base.SeleniumWrapper.takeSnap(SeleniumWrapper.java:901)
at com.framework.utils.ReportManager.reportStep(ReportManager.java:80)
at com.framework.utils.ReportManager.reportStep(ReportManager.java:107)
at com.framework.base.SeleniumWrapper.takeSnap(SeleniumWrapper.java:901)
at com.framework.utils.ReportManager.reportStep(ReportManager.java:80)
at com.framework.utils.ReportManager.reportStep(ReportManager.java:107)
at com.framework.base.SeleniumWrapper.takeSnap(SeleniumWrapper.java:901)
at com.framework.utils.ReportManager.reportStep(ReportManager.java:80)
at com.framework.utils.ReportManager.reportStep(ReportManager.java:107)
at com.framework.base.SeleniumWrapper.takeSnap(SeleniumWrapper.java:901)
at com.framework.utils.ReportManager.reportStep(ReportManager.java:80)
at com.framework.utils.ReportManager.reportStep(ReportManager.java:107)
at com.framework.base.SeleniumWrapper.takeSnap(SeleniumWrapper.java:901)
at com.framework.utils.ReportManager.reportStep(ReportManager.java:80)
at com.framework.utils.ReportManager.reportStep(ReportManager.java:107)
at com.framework.base.SeleniumWrapper.takeSnap(SeleniumWrapper.java:901)
at com.framework.utils.ReportManager.reportStep(ReportManager.java:80)
at com.framework.utils.ReportManager.reportStep(ReportManager.java:107)
at com.framework.base.SeleniumWrapper.takeSnap(SeleniumWrapper.java:901)
at com.framework.utils.ReportManager.reportStep(ReportManager.java:80)
at com.framework.utils.ReportManager.reportStep(ReportManager.java:107)
at com.framework.base.SeleniumWrapper.takeSnap(SeleniumWrapper.java:901)
at com.framework.utils.ReportManager.reportStep(ReportManager.java:80)
at com.framework.utils.ReportManager.reportStep(ReportManager.java:107)
at com.framework.base.SeleniumWrapper.takeSnap(SeleniumWrapper.java:901)
at com.framework.utils.ReportManager.reportStep(ReportManager.java:80)
at com.framework.utils.ReportManager.reportStep(ReportManager.java:107)
at com.framework.base.SeleniumWrapper.takeSnap(SeleniumWrapper.java:901)
at com.framework.utils.ReportManager.reportStep(ReportManager.java:80)
at com.framework.utils.ReportManager.reportStep(ReportManager.java:107)
at com.framework.base.SeleniumWrapper.takeSnap(SeleniumWrapper.java:901)
at com.framework.utils.ReportManager.reportStep(ReportManager.java:80)
at com.framework.utils.ReportManager.reportStep(ReportManager.java:107)
at com.framework.base.SeleniumWrapper.takeSnap(SeleniumWrapper.java:901)
at com.framework.utils.ReportManager.reportStep(ReportManager.java:80)
at com.framework.utils.ReportManager.reportStep(ReportManager.java:107)
at com.framework.base.SeleniumWrapper.takeSnap(SeleniumWrapper.java:901)
at com.framework.utils.ReportManager.reportStep(ReportManager.java:80)
at com.framework.utils.ReportManager.reportStep(ReportManager.java:107)
at com.framework.base.SeleniumWrapper.takeSnap(SeleniumWrapper.java:901)
at com.framework.utils.ReportManager.reportStep(ReportManager.java:80)
at com.framework.utils.ReportManager.reportStep(ReportManager.java:107)
at com.framework.base.SeleniumWrapper.takeSnap(SeleniumWrapper.java:901)
at com.framework.utils.ReportManager.reportStep(ReportManager.java:80)
at com.framework.utils.ReportManager.reportStep(ReportManager.java:107)
at com.framework.base.SeleniumWrapper.takeSnap(SeleniumWrapper.java:901)
at com.framework.utils.ReportManager.reportStep(ReportManager.java:80)
at com.framework.utils.ReportManager.reportStep(ReportManager.java:107)
at com.framework.base.SeleniumWrapper.takeSnap(SeleniumWrapper.java:901)
at com.framework.utils.ReportManager.reportStep(ReportManager.java:80)
at com.framework.utils.ReportManager.reportStep(ReportManager.java:107)
at com.framework.base.SeleniumWrapper.takeSnap(SeleniumWrapper.java:901)
at com.framework.utils.ReportManager.reportStep(ReportManager.java:80)
at com.framework.utils.ReportManager.reportStep(ReportManager.java:107)
at com.framework.base.SeleniumWrapper.takeSnap(SeleniumWrapper.java:901)
at com.framework.utils.ReportManager.reportStep(ReportManager.java:80)
at com.framework.utils.ReportManager.reportStep(ReportManager.java:107)
at com.framework.base.SeleniumWrapper.takeSnap(SeleniumWrapper.java:901)
at com.framework.utils.ReportManager.reportStep(ReportManager.java:80)
at com.framework.utils.ReportManager.reportStep(ReportManager.java:107)
at com.framework.base.SeleniumWrapper.takeSnap(SeleniumWrapper.java:901)
at com.framework.utils.ReportManager.reportStep(ReportManager.java:80)
at com.framework.utils.ReportManager.reportStep(ReportManager.java:107)
at com.framework.base.SeleniumWrapper.takeSnap(SeleniumWrapper.java:901)
at com.framework.utils.ReportManager.reportStep(ReportManager.java:80)
at com.framework.utils.ReportManager.reportStep(ReportManager.java:107)
at com.framework.base.SeleniumWrapper.takeSnap(SeleniumWrapper.java:901)
at com.framework.utils.ReportManager.reportStep(ReportManager.java:80)
at com.framework.utils.ReportManager.reportStep(ReportManager.java:107)
at com.framework.base.SeleniumWrapper.takeSnap(SeleniumWrapper.java:901)
at com.framework.utils.ReportManager.reportStep(ReportManager.java:80)
at com.framework.utils.ReportManager.reportStep(ReportManager.java:107)
at com.framework.base.SeleniumWrapper.takeSnap(SeleniumWrapper.java:901)
at com.framework.utils.ReportManager.reportStep(ReportManager.java:80)
at com.framework.utils.ReportManager.reportStep(ReportManager.java:107)
at com.framework.base.SeleniumWrapper.takeSnap(SeleniumWrapper.java:901)
at com.framework.utils.ReportManager.reportStep(ReportManager.java:80)
at com.framework.utils.ReportManager.reportStep(ReportManager.java:107)
at com.framework.base.SeleniumWrapper.takeSnap(SeleniumWrapper.java:901)
at com.framework.utils.ReportManager.reportStep(ReportManager.java:80)
at com.framework.utils.ReportManager.reportStep(ReportManager.java:107)
at com.framework.base.SeleniumWrapper.takeSnap(SeleniumWrapper.java:901)
at com.framework.utils.ReportManager.reportStep(ReportManager.java:80)
at com.framework.utils.ReportManager.reportStep(ReportManager.java:107)
at com.framework.base.SeleniumWrapper.takeSnap(SeleniumWrapper.java:901)
at com.framework.utils.ReportManager.reportStep(ReportManager.java:80)
at com.framework.utils.ReportManager.reportStep(ReportManager.java:107)
at com.framework.base.SeleniumWrapper.takeSnap(SeleniumWrapper.java:901)
at com.framework.utils.ReportManager.reportStep(ReportManager.java:80)
at com.framework.utils.ReportManager.reportStep(ReportManager.java:107)
at com.framework.base.SeleniumWrapper.takeSnap(SeleniumWrapper.java:901)
at com.framework.utils.ReportManager.reportStep(ReportManager.java:80)
at com.framework.utils.ReportManager.reportStep(ReportManager.java:107)
at com.framework.base.SeleniumWrapper.takeSnap(SeleniumWrapper.java:901)
at com.framework.utils.ReportManager.reportStep(ReportManager.java:80)
at com.framework.utils.ReportManager.reportStep(ReportManager.java:107)
at com.framework.base.SeleniumWrapper.takeSnap(SeleniumWrapper.java:901)
at com.framework.utils.ReportManager.reportStep(ReportManager.java:80)
at com.framework.utils.ReportManager.reportStep(ReportManager.java:107)
at com.framework.base.SeleniumWrapper.takeSnap(SeleniumWrapper.java:901)
at com.framework.utils.ReportManager.reportStep(ReportManager.java:80)
at com.framework.utils.ReportManager.reportStep(ReportManager.java:107)
at com.framework.base.SeleniumWrapper.takeSnap(SeleniumWrapper.java:901)
at com.framework.utils.ReportManager.reportStep(ReportManager.java:80)
at com.framework.utils.ReportManager.reportStep(ReportManager.java:107)
at com.framework.base.SeleniumWrapper.takeSnap(SeleniumWrapper.java:901)
at com.framework.utils.ReportManager.reportStep(ReportManager.java:80)
at com.framework.utils.ReportManager.reportStep(ReportManager.java:107)
at com.framework.base.SeleniumWrapper.takeSnap(SeleniumWrapper.java:901)
at com.framework.utils.ReportManager.reportStep(ReportManager.java:80)
at com.framework.utils.ReportManager.reportStep(ReportManager.java:107)
at com.framework.base.SeleniumWrapper.takeSnap(SeleniumWrapper.java:901)
at com.framework.utils.ReportManager.reportStep(ReportManager.java:80)
at com.framework.utils.ReportManager.reportStep(ReportManager.java:107)
at com.framework.base.SeleniumWrapper.takeSnap(SeleniumWrapper.java:901)
at com.framework.utils.ReportManager.reportStep(ReportManager.java:80)
at com.framework.utils.ReportManager.reportStep(ReportManager.java:107)
at com.framework.base.SeleniumWrapper.takeSnap(SeleniumWrapper.java:901)
at com.framework.utils.ReportManager.reportStep(ReportManager.java:80)
at com.framework.utils.ReportManager.reportStep(ReportManager.java:107)
at com.framework.base.SeleniumWrapper.takeSnap(SeleniumWrapper.java:901)
at com.framework.utils.ReportManager.reportStep(ReportManager.java:80)
at com.framework.utils.ReportManager.reportStep(ReportManager.java:107)
at com.framework.base.SeleniumWrapper.takeSnap(SeleniumWrapper.java:901)
at com.framework.utils.ReportManager.reportStep(ReportManager.java:80)
at com.framework.utils.ReportManager.reportStep(ReportManager.java:107)
at com.framework.base.SeleniumWrapper.takeSnap(SeleniumWrapper.java:901)
at com.framework.utils.ReportManager.reportStep(ReportManager.java:80)
at com.framework.utils.ReportManager.reportStep(ReportManager.java:107)
at com.framework.base.SeleniumWrapper.takeSnap(SeleniumWrapper.java:901)
at com.framework.utils.ReportManager.reportStep(ReportManager.java:80)
at com.framework.utils.ReportManager.reportStep(ReportManager.java:107)
at com.framework.base.SeleniumWrapper.takeSnap(SeleniumWrapper.java:901)
at com.framework.utils.ReportManager.reportStep(ReportManager.java:80)
at com.framework.utils.ReportManager.reportStep(ReportManager.java:107)
at com.framework.base.SeleniumWrapper.takeSnap(SeleniumWrapper.java:901)
at com.framework.utils.ReportManager.reportStep(ReportManager.java:80)
at com.framework.utils.ReportManager.reportStep(ReportManager.java:107)
at com.framework.base.SeleniumWrapper.takeSnap(SeleniumWrapper.java:901)
at com.framework.utils.ReportManager.reportStep(ReportManager.java:80)
at com.framework.utils.ReportManager.reportStep(ReportManager.java:107)
at com.framework.base.SeleniumWrapper.takeSnap(SeleniumWrapper.java:901)
at com.framework.utils.ReportManager.reportStep(ReportManager.java:80)
at com.framework.utils.ReportManager.reportStep(ReportManager.java:107)
at com.framework.base.SeleniumWrapper.takeSnap(SeleniumWrapper.java:901)
at com.framework.utils.ReportManager.reportStep(ReportManager.java:80)
at com.framework.utils.ReportManager.reportStep(ReportManager.java:107)
at com.framework.base.SeleniumWrapper.takeSnap(SeleniumWrapper.java:901)
at com.framework.utils.ReportManager.reportStep(ReportManager.java:80)
at com.framework.utils.ReportManager.reportStep(ReportManager.java:107)
at com.framework.base.SeleniumWrapper.takeSnap(SeleniumWrapper.java:901)
at com.framework.utils.ReportManager.reportStep(ReportManager.java:80)
at com.framework.utils.ReportManager.reportStep(ReportManager.java:107)
at com.framework.base.SeleniumWrapper.takeSnap(SeleniumWrapper.java:901)
at com.framework.utils.ReportManager.reportStep(ReportManager.java:80)
at com.framework.utils.ReportManager.reportStep(ReportManager.java:107)
at com.framework.base.SeleniumWrapper.takeSnap(SeleniumWrapper.java:901)
at com.framework.utils.ReportManager.reportStep(ReportManager.java:80)
at com.framework.utils.ReportManager.reportStep(ReportManager.java:107)
at com.framework.base.SeleniumWrapper.takeSnap(SeleniumWrapper.java:901)
at com.framework.utils.ReportManager.reportStep(ReportManager.java:80)
at com.framework.utils.ReportManager.reportStep(ReportManager.java:107)
at com.framework.base.SeleniumWrapper.takeSnap(SeleniumWrapper.java:901)
at com.framework.utils.ReportManager.reportStep(ReportManager.java:80)
at com.framework.utils.ReportManager.reportStep(ReportManager.java:107)
at com.framework.base.SeleniumWrapper.takeSnap(SeleniumWrapper.java:901)
at com.framework.utils.ReportManager.reportStep(ReportManager.java:80)
at com.framework.utils.ReportManager.reportStep(ReportManager.java:107)
at com.framework.base.SeleniumWrapper.takeSnap(SeleniumWrapper.java:901)
at com.framework.utils.ReportManager.reportStep(ReportManager.java:80)
at com.framework.utils.ReportManager.reportStep(ReportManager.java:107)
at com.framework.base.SeleniumWrapper.takeSnap(SeleniumWrapper.java:901)
at com.framework.utils.ReportManager.reportStep(ReportManager.java:80)
at com.framework.utils.ReportManager.reportStep(ReportManager.java:107)
at com.framework.base.SeleniumWrapper.takeSnap(SeleniumWrapper.java:901)
at com.framework.utils.ReportManager.reportStep(ReportManager.java:80)
at com.framework.utils.ReportManager.reportStep(ReportManager.java:107)
at com.framework.base.SeleniumWrapper.takeSnap(SeleniumWrapper.java:901)
at com.framework.utils.ReportManager.reportStep(ReportManager.java:80)
at com.framework.utils.ReportManager.reportStep(ReportManager.java:107)
at com.framework.base.SeleniumWrapper.takeSnap(SeleniumWrapper.java:901)
at com.framework.utils.ReportManager.reportStep(ReportManager.java:80)
at com.framework.utils.ReportManager.reportStep(ReportManager.java:107)
at com.framework.base.SeleniumWrapper.takeSnap(SeleniumWrapper.java:901)
at com.framework.utils.ReportManager.reportStep(ReportManager.java:80)
at com.framework.utils.ReportManager.reportStep(ReportManager.java:107)
at com.framework.base.SeleniumWrapper.takeSnap(SeleniumWrapper.java:901)
at com.framework.utils.ReportManager.reportStep(ReportManager.java:80)
at com.framework.utils.ReportManager.reportStep(ReportManager.java:107)
at com.framework.base.SeleniumWrapper.takeSnap(SeleniumWrapper.java:901)
at com.framework.utils.ReportManager.reportStep(ReportManager.java:80)
at com.framework.utils.ReportManager.reportStep(ReportManager.java:107)
at com.framework.base.SeleniumWrapper.takeSnap(SeleniumWrapper.java:901)
at com.framework.utils.ReportManager.reportStep(ReportManager.java:80)
at com.framework.utils.ReportManager.reportStep(ReportManager.java:107)
at com.framework.base.SeleniumWrapper.takeSnap(SeleniumWrapper.java:901)
at com.framework.utils.ReportManager.reportStep(ReportManager.java:80)
at com.framework.utils.ReportManager.reportStep(ReportManager.java:107)
at com.framework.base.SeleniumWrapper.takeSnap(SeleniumWrapper.java:901)
at com.framework.utils.ReportManager.reportStep(ReportManager.java:80)
at com.framework.utils.ReportManager.reportStep(ReportManager.java:107)
at com.framework.base.SeleniumWrapper.takeSnap(SeleniumWrapper.java:901)
at com.framework.utils.ReportManager.reportStep(ReportManager.java:80)
at com.framework.utils.ReportManager.reportStep(ReportManager.java:107)
at com.framework.base.SeleniumWrapper.takeSnap(SeleniumWrapper.java:901)
at com.framework.utils.ReportManager.reportStep(ReportManager.java:80)
at com.framework.utils.ReportManager.reportStep(ReportManager.java:107)
at com.framework.base.SeleniumWrapper.takeSnap(SeleniumWrapper.java:901)
at com.framework.utils.ReportManager.reportStep(ReportManager.java:80)
at com.framework.utils.ReportManager.reportStep(ReportManager.java:107)
at com.framework.base.SeleniumWrapper.takeSnap(SeleniumWrapper.java:901)
at com.framework.utils.ReportManager.reportStep(ReportManager.java:80)
at com.framework.utils.ReportManager.reportStep(ReportManager.java:107)
at com.framework.base.SeleniumWrapper.takeSnap(SeleniumWrapper.java:901)
at com.framework.utils.ReportManager.reportStep(ReportManager.java:80)
at com.framework.utils.ReportManager.reportStep(ReportManager.java:107)
at com.framework.base.SeleniumWrapper.takeSnap(SeleniumWrapper.java:901)
at com.framework.utils.ReportManager.reportStep(ReportManager.java:80)
at com.framework.utils.ReportManager.reportStep(ReportManager.java:107)
at com.framework.base.SeleniumWrapper.takeSnap(SeleniumWrapper.java:901)
at com.framework.utils.ReportManager.reportStep(ReportManager.java:80)
at com.framework.utils.ReportManager.reportStep(ReportManager.java:107)
at com.framework.base.SeleniumWrapper.takeSnap(SeleniumWrapper.java:901)
at com.framework.utils.ReportManager.reportStep(ReportManager.java:80)
at com.framework.utils.ReportManager.reportStep(ReportManager.java:107)
at com.framework.base.SeleniumWrapper.takeSnap(SeleniumWrapper.java:901)
at com.framework.utils.ReportManager.reportStep(ReportManager.java:80)
at com.framework.utils.ReportManager.reportStep(ReportManager.java:107)
at com.framework.base.SeleniumWrapper.takeSnap(SeleniumWrapper.java:901)
at com.framework.utils.ReportManager.reportStep(ReportManager.java:80)
at com.framework.utils.ReportManager.reportStep(ReportManager.java:107)
at com.framework.base.SeleniumWrapper.takeSnap(SeleniumWrapper.java:901)
at com.framework.utils.ReportManager.reportStep(ReportManager.java:80)
at com.framework.utils.ReportManager.reportStep(ReportManager.java:107)
at com.framework.base.SeleniumWrapper.takeSnap(SeleniumWrapper.java:901)
at com.framework.utils.ReportManager.reportStep(ReportManager.java:80)
at com.framework.utils.ReportManager.reportStep(ReportManager.java:107)
at com.framework.base.SeleniumWrapper.takeSnap(SeleniumWrapper.java:901)
at com.framework.utils.ReportManager.reportStep(ReportManager.java:80)
at com.framework.utils.ReportManager.reportStep(ReportManager.java:107)
at com.framework.base.SeleniumWrapper.takeSnap(SeleniumWrapper.java:901)
at com.framework.utils.ReportManager.reportStep(ReportManager.java:80)
at com.framework.utils.ReportManager.reportStep(ReportManager.java:107)
at com.framework.base.SeleniumWrapper.takeSnap(SeleniumWrapper.java:901)
at com.framework.utils.ReportManager.reportStep(ReportManager.java:80)
at com.framework.utils.ReportManager.reportStep(ReportManager.java:107)
at com.framework.base.SeleniumWrapper.takeSnap(SeleniumWrapper.java:901)
at com.framework.utils.ReportManager.reportStep(ReportManager.java:80)
at com.framework.utils.ReportManager.reportStep(ReportManager.java:107)
at com.framework.base.SeleniumWrapper.takeSnap(SeleniumWrapper.java:901)
at com.framework.utils.ReportManager.reportStep(ReportManager.java:80)
at com.framework.utils.ReportManager.reportStep(ReportManager.java:107)
at com.framework.base.SeleniumWrapper.takeSnap(SeleniumWrapper.java:901)
at com.framework.utils.ReportManager.reportStep(ReportManager.java:80)
at com.framework.utils.ReportManager.reportStep(ReportManager.java:107)
at com.framework.base.SeleniumWrapper.takeSnap(SeleniumWrapper.java:901)
at com.framework.utils.ReportManager.reportStep(ReportManager.java:80)
at com.framework.utils.ReportManager.reportStep(ReportManager.java:107)
at com.framework.base.SeleniumWrapper.takeSnap(SeleniumWrapper.java:901)
at com.framework.utils.ReportManager.reportStep(ReportManager.java:80)
at com.framework.utils.ReportManager.reportStep(ReportManager.java:107)
at com.framework.base.SeleniumWrapper.takeSnap(SeleniumWrapper.java:901)
at com.framework.utils.ReportManager.reportStep(ReportManager.java:80)
at com.framework.utils.ReportManager.reportStep(ReportManager.java:107)
at com.framework.base.SeleniumWrapper.takeSnap(SeleniumWrapper.java:901)
at com.framework.utils.ReportManager.reportStep(ReportManager.java:80)
at com.framework.utils.ReportManager.reportStep(ReportManager.java:107)
at com.framework.base.SeleniumWrapper.takeSnap(SeleniumWrapper.java:901)
at com.framework.utils.ReportManager.reportStep(ReportManager.java:80)
at com.framework.utils.ReportManager.reportStep(ReportManager.java:107)
at com.framework.base.SeleniumWrapper.takeSnap(SeleniumWrapper.java:901)
at com.framework.utils.ReportManager.reportStep(ReportManager.java:80)
at com.framework.utils.ReportManager.reportStep(ReportManager.java:107)
at com.framework.base.SeleniumWrapper.takeSnap(SeleniumWrapper.java:901)
at com.framework.utils.ReportManager.reportStep(ReportManager.java:80)
at com.framework.utils.ReportManager.reportStep(ReportManager.java:107)
at com.framework.base.SeleniumWrapper.takeSnap(SeleniumWrapper.java:901)
at com.framework.utils.ReportManager.reportStep(ReportManager.java:80)
at com.framework.utils.ReportManager.reportStep(ReportManager.java:107)
at com.framework.base.SeleniumWrapper.takeSnap(SeleniumWrapper.java:901)
at com.framework.utils.ReportManager.reportStep(ReportManager.java:80)
at com.framework.utils.ReportManager.reportStep(ReportManager.java:107)
at com.framework.base.SeleniumWrapper.takeSnap(SeleniumWrapper.java:901)
at com.framework.utils.ReportManager.reportStep(ReportManager.java:80)
at com.framework.utils.ReportManager.reportStep(ReportManager.java:107)
at com.framework.base.SeleniumWrapper.takeSnap(SeleniumWrapper.java:901)
at com.framework.utils.ReportManager.reportStep(ReportManager.java:80)
at com.framework.utils.ReportManager.reportStep(ReportManager.java:107)
at com.framework.base.SeleniumWrapper.takeSnap(SeleniumWrapper.java:901)
at com.framework.utils.ReportManager.reportStep(ReportManager.java:80)
at com.framework.utils.ReportManager.reportStep(ReportManager.java:107)
at com.framework.base.SeleniumWrapper.takeSnap(SeleniumWrapper.java:901)
at com.framework.utils.ReportManager.reportStep(ReportManager.java:80)
at com.framework.utils.ReportManager.reportStep(ReportManager.java:107)
at com.framework.base.SeleniumWrapper.takeSnap(SeleniumWrapper.java:901)
at com.framework.utils.ReportManager.reportStep(ReportManager.java:80)
at com.framework.utils.ReportManager.reportStep(ReportManager.java:107)
at com.framework.base.SeleniumWrapper.takeSnap(SeleniumWrapper.java:901)
at com.framework.utils.ReportManager.reportStep(ReportManager.java:80)
at com.framework.utils.ReportManager.reportStep(ReportManager.java:107)
at com.framework.base.SeleniumWrapper.takeSnap(SeleniumWrapper.java:901)
at com.framework.utils.ReportManager.reportStep(ReportManager.java:80)
at com.framework.utils.ReportManager.reportStep(ReportManager.java:107)
at com.framework.base.SeleniumWrapper.takeSnap(SeleniumWrapper.java:901)
at com.framework.utils.ReportManager.reportStep(ReportManager.java:80)
at com.framework.utils.ReportManager.reportStep(ReportManager.java:107)
at com.framework.base.SeleniumWrapper.takeSnap(SeleniumWrapper.java:901)
at com.framework.utils.ReportManager.reportStep(ReportManager.java:80)
at com.framework.utils.ReportManager.reportStep(ReportManager.java:107)
at com.framework.base.SeleniumWrapper.takeSnap(SeleniumWrapper.java:901)
at com.framework.utils.ReportManager.reportStep(ReportManager.java:80)
at com.framework.utils.ReportManager.reportStep(ReportManager.java:107)
at com.framework.base.SeleniumWrapper.takeSnap(SeleniumWrapper.java:901)
at com.framework.utils.ReportManager.reportStep(ReportManager.java:80)
at com.framework.utils.ReportManager.reportStep(ReportManager.java:107)
at com.framework.base.SeleniumWrapper.takeSnap(SeleniumWrapper.java:901)
at com.framework.utils.ReportManager.reportStep(ReportManager.java:80)
at com.framework.utils.ReportManager.reportStep(ReportManager.java:107)
at com.framework.base.SeleniumWrapper.takeSnap(SeleniumWrapper.java:901)
at com.framework.utils.ReportManager.reportStep(ReportManager.java:80)
at com.framework.utils.ReportManager.reportStep(ReportManager.java:107)
at com.framework.base.SeleniumWrapper.takeSnap(SeleniumWrapper.java:901)
at com.framework.utils.ReportManager.reportStep(ReportManager.java:80)
at com.framework.utils.ReportManager.reportStep(ReportManager.java:107)
at com.framework.base.SeleniumWrapper.takeSnap(SeleniumWrapper.java:901)
at com.framework.utils.ReportManager.reportStep(ReportManager.java:80)
at com.framework.utils.ReportManager.reportStep(ReportManager.java:107)
at com.framework.base.SeleniumWrapper.takeSnap(SeleniumWrapper.java:901)
at com.framework.utils.ReportManager.reportStep(ReportManager.java:80)
at com.framework.utils.ReportManager.reportStep(ReportManager.java:107)
at com.framework.base.SeleniumWrapper.takeSnap(SeleniumWrapper.java:901)
at com.framework.utils.ReportManager.reportStep(ReportManager.java:80)
at com.framework.utils.ReportManager.reportStep(ReportManager.java:107)
at com.framework.base.SeleniumWrapper.takeSnap(SeleniumWrapper.java:901)
at com.framework.utils.ReportManager.reportStep(ReportManager.java:80)
at com.framework.utils.ReportManager.reportStep(ReportManager.java:107)
at com.framework.base.SeleniumWrapper.takeSnap(SeleniumWrapper.java:901)
at com.framework.utils.ReportManager.reportStep(ReportManager.java:80)
at com.framework.utils.ReportManager.reportStep(ReportManager.java:107)
at com.framework.base.SeleniumWrapper.takeSnap(SeleniumWrapper.java:901)
at com.framework.utils.ReportManager.reportStep(ReportManager.java:80)
at com.framework.utils.ReportManager.reportStep(ReportManager.java:107)
at com.framework.base.SeleniumWrapper.takeSnap(SeleniumWrapper.java:901)
at com.framework.utils.ReportManager.reportStep(ReportManager.java:80)
at com.framework.utils.ReportManager.reportStep(ReportManager.java:107)
at com.framework.base.SeleniumWrapper.takeSnap(SeleniumWrapper.java:901)
at com.framework.utils.ReportManager.reportStep(ReportManager.java:80)
at com.framework.utils.ReportManager.reportStep(ReportManager.java:107)
at com.framework.base.SeleniumWrapper.takeSnap(SeleniumWrapper.java:901)
at com.framework.utils.ReportManager.reportStep(ReportManager.java:80)
at com.framework.utils.ReportManager.reportStep(ReportManager.java:107)
at com.framework.base.SeleniumWrapper.takeSnap(SeleniumWrapper.java:901)
at com.framework.utils.ReportManager.reportStep(ReportManager.java:80)
at com.framework.utils.ReportManager.reportStep(ReportManager.java:107)
at com.framework.base.SeleniumWrapper.takeSnap(SeleniumWrapper.java:901)
at com.framework.utils.ReportManager.reportStep(ReportManager.java:80)
at com.framework.utils.ReportManager.reportStep(ReportManager.java:107)
at com.framework.base.SeleniumWrapper.takeSnap(SeleniumWrapper.java:901)
at com.framework.utils.ReportManager.reportStep(ReportManager.java:80)
at com.framework.utils.ReportManager.reportStep(ReportManager.java:107)
at com.framework.base.SeleniumWrapper.takeSnap(SeleniumWrapper.java:901)
at com.framework.utils.ReportManager.reportStep(ReportManager.java:80)
at com.framework.utils.ReportManager.reportStep(ReportManager.java:107)
at com.framework.base.SeleniumWrapper.takeSnap(SeleniumWrapper.java:901)
at com.framework.utils.ReportManager.reportStep(ReportManager.java:80)
at com.framework.utils.ReportManager.reportStep(ReportManager.java:107)
at com.framework.base.SeleniumWrapper.takeSnap(SeleniumWrapper.java:901)
at com.framework.utils.ReportManager.reportStep(ReportManager.java:80)
at com.framework.utils.ReportManager.reportStep(ReportManager.java:107)
at com.framework.base.SeleniumWrapper.takeSnap(SeleniumWrapper.java:901)
at com.framework.utils.ReportManager.reportStep(ReportManager.java:80)
at com.framework.utils.ReportManager.reportStep(ReportManager.java:107)
at com.framework.base.SeleniumWrapper.takeSnap(SeleniumWrapper.java:901)
at com.framework.utils.ReportManager.reportStep(ReportManager.java:80)
at com.framework.utils.ReportManager.reportStep(ReportManager.java:107)
at com.framework.base.SeleniumWrapper.takeSnap(SeleniumWrapper.java:901)
at com.framework.utils.ReportManager.reportStep(ReportManager.java:80)
at com.framework.utils.ReportManager.reportStep(ReportManager.java:107)
at com.framework.base.SeleniumWrapper.takeSnap(SeleniumWrapper.java:901)
at com.framework.utils.ReportManager.reportStep(ReportManager.java:80)
at com.framework.utils.ReportManager.reportStep(ReportManager.java:107)
at com.framework.base.SeleniumWrapper.takeSnap(SeleniumWrapper.java:901)
at com.framework.utils.ReportManager.reportStep(ReportManager.java:80)
at com.framework.utils.ReportManager.reportStep(ReportManager.java:107)
at com.framework.base.SeleniumWrapper.takeSnap(SeleniumWrapper.java:901)
at com.framework.utils.ReportManager.reportStep(ReportManager.java:80)
at com.framework.utils.ReportManager.reportStep(ReportManager.java:107)
at com.framework.base.SeleniumWrapper.takeSnap(SeleniumWrapper.java:901)
at com.framework.utils.ReportManager.reportStep(ReportManager.java:80)
at com.framework.utils.ReportManager.reportStep(ReportManager.java:107)
at com.framework.base.SeleniumWrapper.takeSnap(SeleniumWrapper.java:901)
at com.framework.utils.ReportManager.reportStep(ReportManager.java:80)
at com.framework.utils.ReportManager.reportStep(ReportManager.java:107)
at com.framework.base.SeleniumWrapper.takeSnap(SeleniumWrapper.java:901)
at com.framework.utils.ReportManager.reportStep(ReportManager.java:80)
at com.framework.utils.ReportManager.reportStep(ReportManager.java:107)
at com.framework.base.SeleniumWrapper.takeSnap(SeleniumWrapper.java:901)
at com.framework.utils.ReportManager.reportStep(ReportManager.java:80)
at com.framework.utils.ReportManager.reportStep(ReportManager.java:107)
at com.framework.base.SeleniumWrapper.takeSnap(SeleniumWrapper.java:901)
at com.framework.utils.ReportManager.reportStep(ReportManager.java:80)
at com.framework.utils.ReportManager.reportStep(ReportManager.java:107)
at com.framework.base.SeleniumWrapper.takeSnap(SeleniumWrapper.java:901)
at com.framework.utils.ReportManager.reportStep(ReportManager.java:80)
at com.framework.utils.ReportManager.reportStep(ReportManager.java:107)
at com.framework.base.SeleniumWrapper.takeSnap(SeleniumWrapper.java:901)
at com.framework.utils.ReportManager.reportStep(ReportManager.java:80)
at com.framework.utils.ReportManager.reportStep(ReportManager.java:107)
at com.framework.base.SeleniumWrapper.takeSnap(SeleniumWrapper.java:901)
at com.framework.utils.ReportManager.reportStep(ReportManager.java:80)
at com.framework.utils.ReportManager.reportStep(ReportManager.java:107)
at com.framework.base.SeleniumWrapper.takeSnap(SeleniumWrapper.java:901)
at com.framework.utils.ReportManager.reportStep(ReportManager.java:80)
at com.framework.utils.ReportManager.reportStep(ReportManager.java:107)
at com.framework.base.SeleniumWrapper.takeSnap(SeleniumWrapper.java:901)
at com.framework.utils.ReportManager.reportStep(ReportManager.java:80)
at com.framework.utils.ReportManager.reportStep(ReportManager.java:107)
at com.framework.base.SeleniumWrapper.takeSnap(SeleniumWrapper.java:901)
at com.framework.utils.ReportManager.reportStep(ReportManager.java:80)
at com.framework.utils.ReportManager.reportStep(ReportManager.java:107)
at com.framework.base.SeleniumWrapper.takeSnap(SeleniumWrapper.java:901)
at com.framework.utils.ReportManager.reportStep(ReportManager.java:80)
at com.framework.utils.ReportManager.reportStep(ReportManager.java:107)
at com.framework.base.SeleniumWrapper.takeSnap(SeleniumWrapper.java:901)
at com.framework.utils.ReportManager.reportStep(ReportManager.java:80)
at com.framework.utils.ReportManager.reportStep(ReportManager.java:107)
at com.framework.base.SeleniumWrapper.takeSnap(SeleniumWrapper.java:901)
at com.framework.utils.ReportManager.reportStep(ReportManager.java:80)
at com.framework.utils.ReportManager.reportStep(ReportManager.java:107)
at com.framework.base.SeleniumWrapper.takeSnap(SeleniumWrapper.java:901)
at com.framework.utils.ReportManager.reportStep(ReportManager.java:80)
at com.framework.utils.ReportManager.reportStep(ReportManager.java:107)
at com.framework.base.SeleniumWrapper.takeSnap(SeleniumWrapper.java:901)
at com.framework.utils.ReportManager.reportStep(ReportManager.java:80)
at com.framework.utils.ReportManager.reportStep(ReportManager.java:107)
at com.framework.base.SeleniumWrapper.takeSnap(SeleniumWrapper.java:901)
at com.framework.utils.ReportManager.reportStep(ReportManager.java:80)
at com.framework.utils.ReportManager.reportStep(ReportManager.java:107)
at com.framework.base.SeleniumWrapper.takeSnap(SeleniumWrapper.java:901)
at com.framework.utils.ReportManager.reportStep(ReportManager.java:80)
at com.framework.utils.ReportManager.reportStep(ReportManager.java:107)
at com.framework.base.SeleniumWrapper.takeSnap(SeleniumWrapper.java:901)
at com.framework.utils.ReportManager.reportStep(ReportManager.java:80)
at com.framework.utils.ReportManager.reportStep(ReportManager.java:107)
at com.framework.base.SeleniumWrapper.takeSnap(SeleniumWrapper.java:901)
at com.framework.utils.ReportManager.reportStep(ReportManager.java:80)
at com.framework.utils.ReportManager.reportStep(ReportManager.java:107)
at com.framework.base.SeleniumWrapper.takeSnap(SeleniumWrapper.java:901)
at com.framework.utils.ReportManager.reportStep(ReportManager.java:80)
at com.framework.utils.ReportManager.reportStep(ReportManager.java:107)
at com.framework.base.SeleniumWrapper.takeSnap(SeleniumWrapper.java:901)
at com.framework.utils.ReportManager.reportStep(ReportManager.java:80)
at com.framework.utils.ReportManager.reportStep(ReportManager.java:107)
at com.framework.base.SeleniumWrapper.takeSnap(SeleniumWrapper.java:901)
at com.framework.utils.ReportManager.reportStep(ReportManager.java:80)
at com.framework.utils.ReportManager.reportStep(ReportManager.java:107)
at com.framework.base.SeleniumWrapper.takeSnap(SeleniumWrapper.java:901)
at com.framework.utils.ReportManager.reportStep(ReportManager.java:80)
at com.framework.utils.ReportManager.reportStep(ReportManager.java:107)
at com.framework.base.SeleniumWrapper.takeSnap(SeleniumWrapper.java:901)
at com.framework.utils.ReportManager.reportStep(ReportManager.java:80)
at com.framework.utils.ReportManager.reportStep(ReportManager.java:107)
at com.framework.base.SeleniumWrapper.takeSnap(SeleniumWrapper.java:901)
at com.framework.utils.ReportManager.reportStep(ReportManager.java:80)
at com.framework.utils.ReportManager.reportStep(ReportManager.java:107)
at com.framework.base.SeleniumWrapper.takeSnap(SeleniumWrapper.java:901)
at com.framework.utils.ReportManager.reportStep(ReportManager.java:80)
at com.framework.utils.ReportManager.reportStep(ReportManager.java:107)
at com.framework.base.SeleniumWrapper.takeSnap(SeleniumWrapper.java:901)
at com.framework.utils.ReportManager.reportStep(ReportManager.java:80)
at com.framework.utils.ReportManager.reportStep(ReportManager.java:107)
at com.framework.base.SeleniumWrapper.takeSnap(SeleniumWrapper.java:901)
at com.framework.utils.ReportManager.reportStep(ReportManager.java:80)
at com.framework.utils.ReportManager.reportStep(ReportManager.java:107)
at com.framework.base.SeleniumWrapper.takeSnap(SeleniumWrapper.java:901)
at com.framework.utils.ReportManager.reportStep(ReportManager.java:80)
at com.framework.utils.ReportManager.reportStep(ReportManager.java:107)
at com.framework.base.SeleniumWrapper.takeSnap(SeleniumWrapper.java:901)
at com.framework.utils.ReportManager.reportStep(ReportManager.java:80)
at com.framework.utils.ReportManager.reportStep(ReportManager.java:107)
at com.framework.base.SeleniumWrapper.takeSnap(SeleniumWrapper.java:901)
at com.framework.utils.ReportManager.reportStep(ReportManager.java:80)
at com.framework.utils.ReportManager.reportStep(ReportManager.java:107)
at com.framework.base.SeleniumWrapper.takeSnap(SeleniumWrapper.java:901)
at com.framework.utils.ReportManager.reportStep(ReportManager.java:80)
at com.framework.utils.ReportManager.reportStep(ReportManager.java:107)
at com.framework.base.SeleniumWrapper.takeSnap(SeleniumWrapper.java:901)
at com.framework.utils.ReportManager.reportStep(ReportManager.java:80)
at com.framework.utils.ReportManager.reportStep(ReportManager.java:107)
at com.framework.base.SeleniumWrapper.takeSnap(SeleniumWrapper.java:901)
at com.framework.utils.ReportManager.reportStep(ReportManager.java:80)
at com.framework.utils.ReportManager.reportStep(ReportManager.java:107)
at com.framework.base.SeleniumWrapper.takeSnap(SeleniumWrapper.java:901)
at com.framework.utils.ReportManager.reportStep(ReportManager.java:80)
at com.framework.utils.ReportManager.reportStep(ReportManager.java:107)
at com.framework.base.SeleniumWrapper.takeSnap(SeleniumWrapper.java:901)
at com.framework.utils.ReportManager.reportStep(ReportManager.java:80)
at com.framework.utils.ReportManager.reportStep(ReportManager.java:107)
at com.framework.base.SeleniumWrapper.takeSnap(SeleniumWrapper.java:901)
at com.framework.utils.ReportManager.reportStep(ReportManager.java:80)
at com.framework.utils.ReportManager.reportStep(ReportManager.java:107)
at com.framework.base.SeleniumWrapper.takeSnap(SeleniumWrapper.java:901)
at com.framework.utils.ReportManager.reportStep(ReportManager.java:80)
at com.framework.utils.ReportManager.reportStep(ReportManager.java:107)
at com.framework.base.SeleniumWrapper.takeSnap(SeleniumWrapper.java:901)
at com.framework.utils.ReportManager.reportStep(ReportManager.java:80)
at com.framework.utils.ReportManager.reportStep(ReportManager.java:107)
at com.framework.base.SeleniumWrapper.takeSnap(SeleniumWrapper.java:901)
at com.framework.utils.ReportManager.reportStep(ReportManager.java:80)
at com.framework.utils.ReportManager.reportStep(ReportManager.java:107)
at com.framework.base.SeleniumWrapper.takeSnap(SeleniumWrapper.java:901)
at com.framework.utils.ReportManager.reportStep(ReportManager.java:80)
at com.framework.utils.ReportManager.reportStep(ReportManager.java:107)
at com.framework.base.SeleniumWrapper.takeSnap(SeleniumWrapper.java:901)
at com.framework.utils.ReportManager.reportStep(ReportManager.java:80)
at com.framework.utils.ReportManager.reportStep(ReportManager.java:107)
at com.framework.base.SeleniumWrapper.takeSnap(SeleniumWrapper.java:901)
at com.framework.utils.ReportManager.reportStep(ReportManager.java:80)
at com.framework.utils.ReportManager.reportStep(ReportManager.java:107)
at com.framework.base.SeleniumWrapper.takeSnap(SeleniumWrapper.java:901)
at com.framework.utils.ReportManager.reportStep(ReportManager.java:80)
at com.framework.utils.ReportManager.reportStep(ReportManager.java:107)
at com.framework.base.SeleniumWrapper.takeSnap(SeleniumWrapper.java:901)
at com.framework.utils.ReportManager.reportStep(ReportManager.java:80)
at com.framework.utils.ReportManager.reportStep(ReportManager.java:107)
at com.framework.base.SeleniumWrapper.takeSnap(SeleniumWrapper.java:901)
at com.framework.utils.ReportManager.reportStep(ReportManager.java:80)
at com.framework.utils.ReportManager.reportStep(ReportManager.java:107)
at com.framework.base.SeleniumWrapper.takeSnap(SeleniumWrapper.java:901)
at com.framework.utils.ReportManager.reportStep(ReportManager.java:80)
at com.framework.utils.ReportManager.reportStep(ReportManager.java:107)
at com.framework.base.SeleniumWrapper.takeSnap(SeleniumWrapper.java:901)
at com.framework.utils.ReportManager.reportStep(ReportManager.java:80)
at com.framework.utils.ReportManager.reportStep(ReportManager.java:107)
at com.framework.base.SeleniumWrapper.takeSnap(SeleniumWrapper.java:901)
at com.framework.utils.ReportManager.reportStep(ReportManager.java:80)
at com.framework.utils.ReportManager.reportStep(ReportManager.java:107)
at com.framework.base.SeleniumWrapper.takeSnap(SeleniumWrapper.java:901)
at com.framework.utils.ReportManager.reportStep(ReportManager.java:80)
at com.framework.utils.ReportManager.reportStep(ReportManager.java:107)
at com.framework.base.SeleniumWrapper.takeSnap(SeleniumWrapper.java:901)
at com.framework.utils.ReportManager.reportStep(ReportManager.java:80)
at com.framework.utils.ReportManager.reportStep(ReportManager.java:107)
at com.framework.base.SeleniumWrapper.takeSnap(SeleniumWrapper.java:901)
at com.framework.utils.ReportManager.reportStep(ReportManager.java:80)
at com.framework.utils.ReportManager.reportStep(ReportManager.java:107)
at com.framework.base.SeleniumWrapper.takeSnap(SeleniumWrapper.java:901)
at com.framework.utils.ReportManager.reportStep(ReportManager.java:80)
at com.framework.utils.ReportManager.reportStep(ReportManager.java:107)
at com.framework.base.SeleniumWrapper.takeSnap(SeleniumWrapper.java:901)
at com.framework.utils.ReportManager.reportStep(ReportManager.java:80)
at com.framework.utils.ReportManager.reportStep(ReportManager.java:107)
at com.framework.base.SeleniumWrapper.takeSnap(SeleniumWrapper.java:901)
at com.framework.utils.ReportManager.reportStep(ReportManager.java:80)
at com.framework.utils.ReportManager.reportStep(ReportManager.java:107)
at com.framework.base.SeleniumWrapper.takeSnap(SeleniumWrapper.java:901)
at com.framework.utils.ReportManager.reportStep(ReportManager.java:80)
at com.framework.utils.ReportManager.reportStep(ReportManager.java:107)
at com.framework.base.SeleniumWrapper.takeSnap(SeleniumWrapper.java:901)
at com.framework.utils.ReportManager.reportStep(ReportManager.java:80)
at com.framework.utils.ReportManager.reportStep(ReportManager.java:107)
at com.framework.base.SeleniumWrapper.takeSnap(SeleniumWrapper.java:901)
at com.framework.utils.ReportManager.reportStep(ReportManager.java:80)
at com.framework.utils.ReportManager.reportStep(ReportManager.java:107)
at com.framework.base.SeleniumWrapper.takeSnap(SeleniumWrapper.java:901)
at com.framework.utils.ReportManager.reportStep(ReportManager.java:80)
at com.framework.utils.ReportManager.reportStep(ReportManager.java:107)
at com.framework.base.SeleniumWrapper.takeSnap(SeleniumWrapper.java:901)
at com.framework.utils.ReportManager.reportStep(ReportManager.java:80)
at com.framework.utils.ReportManager.reportStep(ReportManager.java:107)
at com.framework.base.SeleniumWrapper.takeSnap(SeleniumWrapper.java:901)
at com.framework.utils.ReportManager.reportStep(ReportManager.java:80)
at com.framework.utils.ReportManager.reportStep(ReportManager.java:107)
at com.framework.base.SeleniumWrapper.takeSnap(SeleniumWrapper.java:901)
at com.framework.utils.ReportManager.reportStep(ReportManager.java:80)
at com.framework.utils.ReportManager.reportStep(ReportManager.java:107)
at com.framework.base.SeleniumWrapper.takeSnap(SeleniumWrapper.java:901)
at com.framework.utils.ReportManager.reportStep(ReportManager.java:80)
at com.framework.utils.ReportManager.reportStep(ReportManager.java:107)
at com.framework.base.SeleniumWrapper.takeSnap(SeleniumWrapper.java:901)
at com.framework.utils.ReportManager.reportStep(ReportManager.java:80)
at com.framework.utils.ReportManager.reportStep(ReportManager.java:107)
at com.framework.base.SeleniumWrapper.takeSnap(SeleniumWrapper.java:901)
at com.framework.utils.ReportManager.reportStep(ReportManager.java:80)
at com.framework.utils.ReportManager.reportStep(ReportManager.java:107)
at com.framework.base.SeleniumWrapper.takeSnap(SeleniumWrapper.java:901)
at com.framework.utils.ReportManager.reportStep(ReportManager.java:80)
at com.framework.utils.ReportManager.reportStep(ReportManager.java:107)
at com.framework.base.SeleniumWrapper.takeSnap(SeleniumWrapper.java:901)
at com.framework.utils.ReportManager.reportStep(ReportManager.java:80)
at com.framework.utils.ReportManager.reportStep(ReportManager.java:107)
at com.framework.base.SeleniumWrapper.takeSnap(SeleniumWrapper.java:901)
at com.framework.utils.ReportManager.reportStep(ReportManager.java:80)
at com.framework.utils.ReportManager.reportStep(ReportManager.java:107)
at com.framework.base.SeleniumWrapper.takeSnap(SeleniumWrapper.java:901)
at com.framework.utils.ReportManager.reportStep(ReportManager.java:80)
at com.framework.utils.ReportManager.reportStep(ReportManager.java:107)
at com.framework.base.SeleniumWrapper.takeSnap(SeleniumWrapper.java:901)
at com.framework.utils.ReportManager.reportStep(ReportManager.java:80)
at com.framework.utils.ReportManager.reportStep(ReportManager.java:107)
at com.framework.base.SeleniumWrapper.takeSnap(SeleniumWrapper.java:901)
at com.framework.utils.ReportManager.reportStep(ReportManager.java:80)
at com.framework.utils.ReportManager.reportStep(ReportManager.java:107)
at com.framework.base.SeleniumWrapper.takeSnap(SeleniumWrapper.java:901)
at com.framework.utils.ReportManager.reportStep(ReportManager.java:80)
at com.framework.utils.ReportManager.reportStep(ReportManager.java:107)
at com.framework.base.SeleniumWrapper.takeSnap(SeleniumWrapper.java:901)
at com.framework.utils.ReportManager.reportStep(ReportManager.java:80)
at com.framework.utils.ReportManager.reportStep(ReportManager.java:107)
at com.framework.base.SeleniumWrapper.takeSnap(SeleniumWrapper.java:901)
at com.framework.utils.ReportManager.reportStep(ReportManager.java:80)
at com.framework.utils.ReportManager.reportStep(ReportManager.java:107)
at com.framework.base.SeleniumWrapper.takeSnap(SeleniumWrapper.java:901)
at com.framework.utils.ReportManager.reportStep(ReportManager.java:80)
at com.framework.utils.ReportManager.reportStep(ReportManager.java:107)
at com.framework.base.SeleniumWrapper.takeSnap(SeleniumWrapper.java:901)
at com.framework.utils.ReportManager.reportStep(ReportManager.java:80)
at com.framework.utils.ReportManager.reportStep(ReportManager.java:107)
at com.framework.base.SeleniumWrapper.takeSnap(SeleniumWrapper.java:901)
at com.framework.utils.ReportManager.reportStep(ReportManager.java:80)
at com.framework.utils.ReportManager.reportStep(ReportManager.java:107)
at com.framework.base.SeleniumWrapper.takeSnap(SeleniumWrapper.java:901)
at com.framework.utils.ReportManager.reportStep(ReportManager.java:80)
at com.framework.utils.ReportManager.reportStep(ReportManager.java:107)
at com.framework.base.SeleniumWrapper.takeSnap(SeleniumWrapper.java:901)
at com.framework.utils.ReportManager.reportStep(ReportManager.java:80)
at com.framework.utils.ReportManager.reportStep(ReportManager.java:107)
at com.framework.base.SeleniumWrapper.takeSnap(SeleniumWrapper.java:901)
at com.framework.utils.ReportManager.reportStep(ReportManager.java:80)
at com.framework.utils.ReportManager.reportStep(ReportManager.java:107)
at com.framework.base.SeleniumWrapper.takeSnap(SeleniumWrapper.java:901)
at com.framework.utils.ReportManager.reportStep(ReportManager.java:80)
at com.framework.utils.ReportManager.reportStep(ReportManager.java:107)
at com.framework.base.SeleniumWrapper.takeSnap(SeleniumWrapper.java:901)
at com.framework.utils.ReportManager.reportStep(ReportManager.java:80)
at com.framework.utils.ReportManager.reportStep(ReportManager.java:107)
at com.framework.base.SeleniumWrapper.takeSnap(SeleniumWrapper.java:901)
at com.framework.utils.ReportManager.reportStep(ReportManager.java:80)
at com.framework.utils.ReportManager.reportStep(ReportManager.java:107)
at com.framework.base.SeleniumWrapper.takeSnap(SeleniumWrapper.java:901)
at com.framework.utils.ReportManager.reportStep(ReportManager.java:80)
at com.framework.utils.ReportManager.reportStep(ReportManager.java:107)
at com.framework.base.SeleniumWrapper.takeSnap(SeleniumWrapper.java:901)
at com.framework.utils.ReportManager.reportStep(ReportManager.java:80)
at com.framework.utils.ReportManager.reportStep(ReportManager.java:107)
at com.framework.base.SeleniumWrapper.takeSnap(SeleniumWrapper.java:901)
at com.framework.utils.ReportManager.reportStep(ReportManager.java:80)
at com.framework.utils.ReportManager.reportStep(ReportManager.java:107)
at com.framework.base.SeleniumWrapper.takeSnap(SeleniumWrapper.java:901)
at com.framework.utils.ReportManager.reportStep(ReportManager.java:80)
at com.framework.utils.ReportManager.reportStep(ReportManager.java:107)
at com.framework.base.SeleniumWrapper.takeSnap(SeleniumWrapper.java:901)
at com.framework.utils.ReportManager.reportStep(ReportManager.java:80)
at com.framework.utils.ReportManager.reportStep(ReportManager.java:107)
at com.framework.base.SeleniumWrapper.takeSnap(SeleniumWrapper.java:901)
at com.framework.utils.ReportManager.reportStep(ReportManager.java:80)
at com.framework.utils.ReportManager.reportStep(ReportManager.java:107)
at com.framework.base.SeleniumWrapper.takeSnap(SeleniumWrapper.java:901)
at com.framework.utils.ReportManager.reportStep(ReportManager.java:80)
at com.framework.utils.ReportManager.reportStep(ReportManager.java:107)
at com.framework.base.SeleniumWrapper.takeSnap(SeleniumWrapper.java:901)
at com.framework.utils.ReportManager.reportStep(ReportManager.java:80)
at com.framework.utils.ReportManager.reportStep(ReportManager.java:107)
at com.framework.base.SeleniumWrapper.takeSnap(SeleniumWrapper.java:901)
at com.framework.utils.ReportManager.reportStep(ReportManager.java:80)
at com.framework.utils.ReportManager.reportStep(ReportManager.java:107)
at com.framework.base.SeleniumWrapper.takeSnap(SeleniumWrapper.java:901)
at com.framework.utils.ReportManager.reportStep(ReportManager.java:80)
at com.framework.utils.ReportManager.reportStep(ReportManager.java:107)
at com.framework.base.SeleniumWrapper.takeSnap(SeleniumWrapper.java:901)
at com.framework.utils.ReportManager.reportStep(ReportManager.java:80)
at com.framework.utils.ReportManager.reportStep(ReportManager.java:107)
at com.framework.base.SeleniumWrapper.takeSnap(SeleniumWrapper.java:901)
at com.framework.utils.ReportManager.reportStep(ReportManager.java:80)
at com.framework.utils.ReportManager.reportStep(ReportManager.java:107)
at com.framework.base.SeleniumWrapper.takeSnap(SeleniumWrapper.java:901)
at com.framework.utils.ReportManager.reportStep(ReportManager.java:80)
at com.framework.utils.ReportManager.reportStep(ReportManager.java:107)
at com.framework.base.SeleniumWrapper.takeSnap(SeleniumWrapper.java:901)
at com.framework.utils.ReportManager.reportStep(ReportManager.java:80)
at com.framework.utils.ReportManager.reportStep(ReportManager.java:107)
at com.framework.base.SeleniumWrapper.takeSnap(SeleniumWrapper.java:901)
at com.framework.utils.ReportManager.reportStep(ReportManager.java:80)
at com.framework.utils.ReportManager.reportStep(ReportManager.java:107)
at com.framework.base.SeleniumWrapper.takeSnap(SeleniumWrapper.java:901)
at com.framework.utils.ReportManager.reportStep(ReportManager.java:80)
at com.framework.utils.ReportManager.reportStep(ReportManager.java:107)
at com.framework.base.SeleniumWrapper.takeSnap(SeleniumWrapper.java:901)
at com.framework.utils.ReportManager.reportStep(ReportManager.java:80)
at com.framework.utils.ReportManager.reportStep(ReportManager.java:107)
at com.framework.base.SeleniumWrapper.takeSnap(SeleniumWrapper.java:901)
at com.framework.utils.ReportManager.reportStep(ReportManager.java:80)
at com.framework.utils.ReportManager.reportStep(ReportManager.java:107)
at com.framework.base.SeleniumWrapper.takeSnap(SeleniumWrapper.java:901)
at com.framework.utils.ReportManager.reportStep(ReportManager.java:80)
at com.framework.utils.ReportManager.reportStep(ReportManager.java:107)
at com.framework.base.SeleniumWrapper.takeSnap(SeleniumWrapper.java:901)
at com.framework.utils.ReportManager.reportStep(ReportManager.java:80)
at com.framework.utils.ReportManager.reportStep(ReportManager.java:107)
at com.framework.base.SeleniumWrapper.takeSnap(SeleniumWrapper.java:901)
at com.framework.utils.ReportManager.reportStep(ReportManager.java:80)
at com.framework.utils.ReportManager.reportStep(ReportManager.java:107)
at com.framework.base.SeleniumWrapper.takeSnap(SeleniumWrapper.java:901)
at com.framework.utils.ReportManager.reportStep(ReportManager.java:80)
at com.framework.utils.ReportManager.reportStep(ReportManager.java:107)
at com.framework.base.SeleniumWrapper.takeSnap(SeleniumWrapper.java:901)
at com.framework.utils.ReportManager.reportStep(ReportManager.java:80)
at com.framework.utils.ReportManager.reportStep(ReportManager.java:107)
at com.framework.base.SeleniumWrapper.takeSnap(SeleniumWrapper.java:901)
at com.framework.utils.ReportManager.reportStep(ReportManager.java:80)
at com.framework.utils.ReportManager.reportStep(ReportManager.java:107)
at com.framework.base.SeleniumWrapper.takeSnap(SeleniumWrapper.java:901)
at com.framework.utils.ReportManager.reportStep(ReportManager.java:80)
at com.framework.utils.ReportManager.reportStep(ReportManager.java:107)
at com.framework.base.SeleniumWrapper.takeSnap(SeleniumWrapper.java:901)
at com.framework.utils.ReportManager.reportStep(ReportManager.java:80)
at com.framework.utils.ReportManager.reportStep(ReportManager.java:107)
at com.framework.base.SeleniumWrapper.takeSnap(SeleniumWrapper.java:901)
at com.framework.utils.ReportManager.reportStep(ReportManager.java:80)
at com.framework.utils.ReportManager.reportStep(ReportManager.java:107)
at com.framework.base.SeleniumWrapper.takeSnap(SeleniumWrapper.java:901)
at com.framework.utils.ReportManager.reportStep(ReportManager.java:80)
at com.framework.utils.ReportManager.reportStep(ReportManager.java:107)
at com.framework.base.SeleniumWrapper.takeSnap(SeleniumWrapper.java:901)
at com.framework.utils.ReportManager.reportStep(ReportManager.java:80)
at com.framework.utils.ReportManager.reportStep(ReportManager.java:107)
at com.framework.base.SeleniumWrapper.takeSnap(SeleniumWrapper.java:901)
at com.framework.utils.ReportManager.reportStep(ReportManager.java:80)
at com.framework.utils.ReportManager.reportStep(ReportManager.java:107)
at com.framework.base.SeleniumWrapper.takeSnap(SeleniumWrapper.java:901)
at com.framework.utils.ReportManager.reportStep(ReportManager.java:80)
at com.framework.utils.ReportManager.reportStep(ReportManager.java:107)
at com.framework.base.SeleniumWrapper.takeSnap(SeleniumWrapper.java:901)
at com.framework.utils.ReportManager.reportStep(ReportManager.java:80)
at com.framework.utils.ReportManager.reportStep(ReportManager.java:107)
at com.framework.base.SeleniumWrapper.takeSnap(SeleniumWrapper.java:901)
at com.framework.utils.ReportManager.reportStep(ReportManager.java:80)
at com.framework.utils.ReportManager.reportStep(ReportManager.java:107)
at com.framework.base.SeleniumWrapper.takeSnap(SeleniumWrapper.java:901)
at com.framework.utils.ReportManager.reportStep(ReportManager.java:80)
at com.framework.utils.ReportManager.reportStep(ReportManager.java:107)
at com.framework.base.SeleniumWrapper.takeSnap(SeleniumWrapper.java:901)
at com.framework.utils.ReportManager.reportStep(ReportManager.java:80)
at com.framework.utils.ReportManager.reportStep(ReportManager.java:107)
at com.framework.base.SeleniumWrapper.takeSnap(SeleniumWrapper.java:901)
at com.framework.utils.ReportManager.reportStep(ReportManager.java:80)
at com.framework.utils.ReportManager.reportStep(ReportManager.java:107)
at com.framework.base.SeleniumWrapper.takeSnap(SeleniumWrapper.java:901)
at com.framework.utils.ReportManager.reportStep(ReportManager.java:80)
at com.framework.utils.ReportManager.reportStep(ReportManager.java:107)
at com.framework.base.SeleniumWrapper.takeSnap(SeleniumWrapper.java:901)
at com.framework.utils.ReportManager.reportStep(ReportManager.java:80)
at com.framework.utils.ReportManager.reportStep(ReportManager.java:107)
at com.framework.base.SeleniumWrapper.takeSnap(SeleniumWrapper.java:901)
at com.framework.utils.ReportManager.reportStep(ReportManager.java:80)
at com.framework.utils.ReportManager.reportStep(ReportManager.java:107)
at com.framework.base.SeleniumWrapper.takeSnap(SeleniumWrapper.java:901)
at com.framework.utils.ReportManager.reportStep(ReportManager.java:80)
at com.framework.utils.ReportManager.reportStep(ReportManager.java:107)
at com.framework.base.SeleniumWrapper.takeSnap(SeleniumWrapper.java:901)
at com.framework.utils.ReportManager.reportStep(ReportManager.java:80)
at com.framework.utils.ReportManager.reportStep(ReportManager.java:107)
at com.framework.base.SeleniumWrapper.takeSnap(SeleniumWrapper.java:901)
at com.framework.utils.ReportManager.reportStep(ReportManager.java:80)
at com.framework.utils.ReportManager.reportStep(ReportManager.java:107)
at com.framework.base.SeleniumWrapper.takeSnap(SeleniumWrapper.java:901)
at com.framework.utils.ReportManager.reportStep(ReportManager.java:80)
at com.framework.utils.ReportManager.reportStep(ReportManager.java:107)
at com.framework.base.SeleniumWrapper.takeSnap(SeleniumWrapper.java:901)
at com.framework.utils.ReportManager.reportStep(ReportManager.java:80)
at com.framework.utils.ReportManager.reportStep(ReportManager.java:107)
at com.framework.base.SeleniumWrapper.takeSnap(SeleniumWrapper.java:901)
at com.framework.utils.ReportManager.reportStep(ReportManager.java:80)
at com.framework.utils.ReportManager.reportStep(ReportManager.java:107)
at com.framework.base.SeleniumWrapper.takeSnap(SeleniumWrapper.java:901)
at com.framework.utils.ReportManager.reportStep(ReportManager.java:80)
at com.framework.utils.ReportManager.reportStep(ReportManager.java:107)
at com.framework.base.SeleniumWrapper.takeSnap(SeleniumWrapper.java:901)
at com.framework.utils.ReportManager.reportStep(ReportManager.java:80)
at com.framework.utils.ReportManager.reportStep(ReportManager.java:107)
at com.framework.base.SeleniumWrapper.takeSnap(SeleniumWrapper.java:901)
at com.framework.utils.ReportManager.reportStep(ReportManager.java:80)
at com.framework.utils.ReportManager.reportStep(ReportManager.java:107)
at com.framework.base.SeleniumWrapper.takeSnap(SeleniumWrapper.java:901)
at com.framework.utils.ReportManager.reportStep(ReportManager.java:80)
at com.framework.utils.ReportManager.reportStep(ReportManager.java:107)
at com.framework.base.SeleniumWrapper.takeSnap(SeleniumWrapper.java:901)
at com.framework.utils.ReportManager.reportStep(ReportManager.java:80)
at com.framework.utils.ReportManager.reportStep(ReportManager.java:107)
at com.framework.base.SeleniumWrapper.takeSnap(SeleniumWrapper.java:901)
at com.framework.utils.ReportManager.reportStep(ReportManager.java:80)
at com.framework.utils.ReportManager.reportStep(ReportManager.java:107)
at com.framework.base.SeleniumWrapper.takeSnap(SeleniumWrapper.java:901)
at com.framework.utils.ReportManager.reportStep(ReportManager.java:80)
at com.framework.utils.ReportManager.reportStep(ReportManager.java:107)
at com.framework.base.SeleniumWrapper.takeSnap(SeleniumWrapper.java:901)
at com.framework.utils.ReportManager.reportStep(ReportManager.java:80)
at com.framework.utils.ReportManager.reportStep(ReportManager.java:107)
at com.framework.base.SeleniumWrapper.takeSnap(SeleniumWrapper.java:901)
at com.framework.utils.ReportManager.reportStep(ReportManager.java:80)
at com.framework.utils.ReportManager.reportStep(ReportManager.java:107)
at com.framework.base.SeleniumWrapper.takeSnap(SeleniumWrapper.java:901)
at com.framework.utils.ReportManager.reportStep(ReportManager.java:80)
at com.framework.utils.ReportManager.reportStep(ReportManager.java:107)
at com.framework.base.SeleniumWrapper.takeSnap(SeleniumWrapper.java:901)
at com.framework.utils.ReportManager.reportStep(ReportManager.java:80)
at com.framework.utils.ReportManager.reportStep(ReportManager.java:107)
at com.framework.base.SeleniumWrapper.takeSnap(SeleniumWrapper.java:901)
at com.framework.utils.ReportManager.reportStep(ReportManager.java:80)
at com.framework.utils.ReportManager.reportStep(ReportManager.java:107)
at com.framework.base.SeleniumWrapper.takeSnap(SeleniumWrapper.java:901)
at com.framework.utils.ReportManager.reportStep(ReportManager.java:80)
at com.framework.utils.ReportManager.reportStep(ReportManager.java:107)
at com.framework.base.SeleniumWrapper.takeSnap(SeleniumWrapper.java:901)
at com.framework.utils.ReportManager.reportStep(ReportManager.java:80)
at com.framework.utils.ReportManager.reportStep(ReportManager.java:107)
at com.framework.base.SeleniumWrapper.takeSnap(SeleniumWrapper.java:901)
at com.framework.utils.ReportManager.reportStep(ReportManager.java:80)
at com.framework.utils.ReportManager.reportStep(ReportManager.java:107)
at com.framework.base.SeleniumWrapper.takeSnap(SeleniumWrapper.java:901)
at com.framework.utils.ReportManager.reportStep(ReportManager.java:80)
at com.framework.utils.ReportManager.reportStep(ReportManager.java:107)
at com.framework.base.SeleniumWrapper.takeSnap(SeleniumWrapper.java:901)
at com.framework.utils.ReportManager.reportStep(ReportManager.java:80)
at com.framework.utils.ReportManager.reportStep(ReportManager.java:107)
at com.framework.base.SeleniumWrapper.takeSnap(SeleniumWrapper.java:901)
at com.framework.utils.ReportManager.reportStep(ReportManager.java:80)
at com.framework.utils.ReportManager.reportStep(ReportManager.java:107)
at com.framework.base.SeleniumWrapper.takeSnap(SeleniumWrapper.java:901)
at com.framework.utils.ReportManager.reportStep(ReportManager.java:80)
at com.framework.utils.ReportManager.reportStep(ReportManager.java:107)
at com.framework.base.SeleniumWrapper.takeSnap(SeleniumWrapper.java:901)
at com.framework.utils.ReportManager.reportStep(ReportManager.java:80)
at com.framework.utils.ReportManager.reportStep(ReportManager.java:107)
at com.framework.base.SeleniumWrapper.takeSnap(SeleniumWrapper.java:901)
at com.framework.utils.ReportManager.reportStep(ReportManager.java:80)
at com.framework.utils.ReportManager.reportStep(ReportManager.java:107)
at com.framework.base.SeleniumWrapper.takeSnap(SeleniumWrapper.java:901)
at com.framework.utils.ReportManager.reportStep(ReportManager.java:80)
at com.framework.utils.ReportManager.reportStep(ReportManager.java:107)
at com.framework.base.SeleniumWrapper.takeSnap(SeleniumWrapper.java:901)
at com.framework.utils.ReportManager.reportStep(ReportManager.java:80)
at com.framework.utils.ReportManager.reportStep(ReportManager.java:107)
at com.framework.base.SeleniumWrapper.takeSnap(SeleniumWrapper.java:901)
at com.framework.utils.ReportManager.reportStep(ReportManager.java:80)
at com.framework.utils.ReportManager.reportStep(ReportManager.java:107)
at com.framework.base.SeleniumWrapper.takeSnap(SeleniumWrapper.java:901)
at com.framework.utils.ReportManager.reportStep(ReportManager.java:80)
at com.framework.utils.ReportManager.reportStep(ReportManager.java:107)
at com.framework.base.SeleniumWrapper.takeSnap(SeleniumWrapper.java:901)
at com.framework.utils.ReportManager.reportStep(ReportManager.java:80)
at com.framework.utils.ReportManager.reportStep(ReportManager.java:107)
at com.framework.base.SeleniumWrapper.takeSnap(SeleniumWrapper.java:901)
at com.framework.utils.ReportManager.reportStep(ReportManager.java:80)
at com.framework.utils.ReportManager.reportStep(ReportManager.java:107)
at com.framework.base.SeleniumWrapper.takeSnap(SeleniumWrapper.java:901)
at com.framework.utils.ReportManager.reportStep(ReportManager.java:80)
at com.framework.utils.ReportManager.reportStep(ReportManager.java:107)
at com.framework.base.SeleniumWrapper.takeSnap(SeleniumWrapper.java:901)
at com.framework.utils.ReportManager.reportStep(ReportManager.java:80)
at com.framework.utils.ReportManager.reportStep(ReportManager.java:107)
at com.framework.base.SeleniumWrapper.takeSnap(SeleniumWrapper.java:901)
at com.framework.utils.ReportManager.reportStep(ReportManager.java:80)
at com.framework.utils.ReportManager.reportStep(ReportManager.java:107)
at com.framework.base.SeleniumWrapper.takeSnap(SeleniumWrapper.java:901)
at com.framework.utils.ReportManager.reportStep(ReportManager.java:80)
at com.framework.utils.ReportManager.reportStep(ReportManager.java:107)
at com.framework.base.SeleniumWrapper.takeSnap(SeleniumWrapper.java:901)
at com.framework.utils.ReportManager.reportStep(ReportManager.java:80)
at com.framework.utils.ReportManager.reportStep(ReportManager.java:107)
at com.framework.base.SeleniumWrapper.takeSnap(SeleniumWrapper.java:901)
at com.framework.utils.ReportManager.reportStep(ReportManager.java:80)
at com.framework.utils.ReportManager.reportStep(ReportManager.java:107)
at com.framework.base.SeleniumWrapper.takeSnap(SeleniumWrapper.java:901)
at com.framework.utils.ReportManager.reportStep(ReportManager.java:80)
at com.framework.utils.ReportManager.reportStep(ReportManager.java:107)
at com.framework.base.SeleniumWrapper.takeSnap(SeleniumWrapper.java:901)
at com.framework.utils.ReportManager.reportStep(ReportManager.java:80)
at com.framework.utils.ReportManager.reportStep(ReportManager.java:107)
at com.framework.base.SeleniumWrapper.takeSnap(SeleniumWrapper.java:901)
at com.framework.utils.ReportManager.reportStep(ReportManager.java:80)
at com.framework.utils.ReportManager.reportStep(ReportManager.java:107)
at com.framework.base.SeleniumWrapper.takeSnap(SeleniumWrapper.java:901)
at com.framework.utils.ReportManager.reportStep(ReportManager.java:80)
at com.framework.utils.ReportManager.reportStep(ReportManager.java:107)
at com.framework.base.SeleniumWrapper.takeSnap(SeleniumWrapper.java:901)
at com.framework.utils.ReportManager.reportStep(ReportManager.java:80)
at com.framework.utils.ReportManager.reportStep(ReportManager.java:107)
at com.framework.base.SeleniumWrapper.takeSnap(SeleniumWrapper.java:901)
at com.framework.utils.ReportManager.reportStep(ReportManager.java:80)
at com.framework.utils.ReportManager.reportStep(ReportManager.java:107)
at com.framework.base.SeleniumWrapper.takeSnap(SeleniumWrapper.java:901)
at com.framework.utils.ReportManager.reportStep(ReportManager.java:80)
at com.framework.utils.ReportManager.reportStep(ReportManager.java:107)
at com.framework.base.SeleniumWrapper.takeSnap(SeleniumWrapper.java:901)
at com.framework.utils.ReportManager.reportStep(ReportManager.java:80)
at com.framework.utils.ReportManager.reportStep(ReportManager.java:107)
at com.framework.base.SeleniumWrapper.takeSnap(SeleniumWrapper.java:901)
at com.framework.utils.ReportManager.reportStep(ReportManager.java:80)
at com.framework.utils.ReportManager.reportStep(ReportManager.java:107)
at com.framework.base.SeleniumWrapper.takeSnap(SeleniumWrapper.java:901)
at com.framework.utils.ReportManager.reportStep(ReportManager.java:80)
at com.framework.utils.ReportManager.reportStep(ReportManager.java:107)
at com.framework.base.SeleniumWrapper.takeSnap(SeleniumWrapper.java:901)
at com.framework.utils.ReportManager.reportStep(ReportManager.java:80)
at com.framework.utils.ReportManager.reportStep(ReportManager.java:107)
at com.framework.base.SeleniumWrapper.takeSnap(SeleniumWrapper.java:901)
at com.framework.utils.ReportManager.reportStep(ReportManager.java:80)
at com.framework.utils.ReportManager.reportStep(ReportManager.java:107)
at com.framework.base.SeleniumWrapper.takeSnap(SeleniumWrapper.java:901)
at com.framework.utils.ReportManager.reportStep(ReportManager.java:80)
at com.framework.utils.ReportManager.reportStep(ReportManager.java:107)
at com.framework.base.SeleniumWrapper.takeSnap(SeleniumWrapper.java:901)
at com.framework.utils.ReportManager.reportStep(ReportManager.java:80)
at com.framework.utils.ReportManager.reportStep(ReportManager.java:107)
at com.framework.base.SeleniumWrapper.takeSnap(SeleniumWrapper.java:901)
at com.framework.utils.ReportManager.reportStep(ReportManager.java:80)
at com.framework.utils.ReportManager.reportStep(ReportManager.java:107)
at com.framework.base.SeleniumWrapper.takeSnap(SeleniumWrapper.java:901)
at com.framework.utils.ReportManager.reportStep(ReportManager.java:80)
at com.framework.utils.ReportManager.reportStep(ReportManager.java:107)
at com.framework.base.SeleniumWrapper.takeSnap(SeleniumWrapper.java:901)
at com.framework.utils.ReportManager.reportStep(ReportManager.java:80)
at com.framework.utils.ReportManager.reportStep(ReportManager.java:107)
at com.framework.base.SeleniumWrapper.takeSnap(SeleniumWrapper.java:901)
at com.framework.utils.ReportManager.reportStep(ReportManager.java:80)
at com.framework.utils.ReportManager.reportStep(ReportManager.java:107)
at com.framework.base.SeleniumWrapper.takeSnap(SeleniumWrapper.java:901)
at com.framework.utils.ReportManager.reportStep(ReportManager.java:80)
at com.framework.utils.ReportManager.reportStep(ReportManager.java:107)
at com.framework.base.SeleniumWrapper.takeSnap(SeleniumWrapper.java:901)
at com.framework.utils.ReportManager.reportStep(ReportManager.java:80)
at com.framework.utils.ReportManager.reportStep(ReportManager.java:107)
at com.framework.base.SeleniumWrapper.takeSnap(SeleniumWrapper.java:901)
at com.framework.utils.ReportManager.reportStep(ReportManager.java:80)
at com.framework.utils.ReportManager.reportStep(ReportManager.java:107)
at com.framework.base.SeleniumWrapper.takeSnap(SeleniumWrapper.java:901)
at com.framework.utils.ReportManager.reportStep(ReportManager.java:80)
at com.framework.utils.ReportManager.reportStep(ReportManager.java:107)
at com.framework.base.SeleniumWrapper.takeSnap(SeleniumWrapper.java:901)
at com.framework.utils.ReportManager.reportStep(ReportManager.java:80)
at com.framework.utils.ReportManager.reportStep(ReportManager.java:107)
at com.framework.base.SeleniumWrapper.takeSnap(SeleniumWrapper.java:901)
at com.framework.utils.ReportManager.reportStep(ReportManager.java:80)
at com.framework.utils.ReportManager.reportStep(ReportManager.java:107)
at com.framework.base.SeleniumWrapper.takeSnap(SeleniumWrapper.java:901)
at com.framework.utils.ReportManager.reportStep(ReportManager.java:80)
at com.framework.utils.ReportManager.reportStep(ReportManager.java:107)
at com.framework.base.SeleniumWrapper.takeSnap(SeleniumWrapper.java:901)
at com.framework.utils.ReportManager.reportStep(ReportManager.java:80)
at com.framework.utils.ReportManager.reportStep(ReportManager.java:107)
at com.framework.base.SeleniumWrapper.takeSnap(SeleniumWrapper.java:901)
at com.framework.utils.ReportManager.reportStep(ReportManager.java:80)
at com.framework.utils.ReportManager.reportStep(ReportManager.java:107)
at com.framework.base.SeleniumWrapper.takeSnap(SeleniumWrapper.java:901)
at com.framework.utils.ReportManager.reportStep(ReportManager.java:80)
at com.framework.utils.ReportManager.reportStep(ReportManager.java:107)
at com.framework.base.SeleniumWrapper.takeSnap(SeleniumWrapper.java:901)
at com.framework.utils.ReportManager.reportStep(ReportManager.java:80)
at com.framework.utils.ReportManager.reportStep(ReportManager.java:107)
at com.framework.base.SeleniumWrapper.takeSnap(SeleniumWrapper.java:901)
at com.framework.utils.ReportManager.reportStep(ReportManager.java:80)
at com.framework.utils.ReportManager.reportStep(ReportManager.java:107)
at com.framework.base.SeleniumWrapper.takeSnap(SeleniumWrapper.java:901)
at com.framework.utils.ReportManager.reportStep(ReportManager.java:80)
at com.framework.utils.ReportManager.reportStep(ReportManager.java:107)
at com.framework.base.SeleniumWrapper.takeSnap(SeleniumWrapper.java:901)
at com.framework.utils.ReportManager.reportStep(ReportManager.java:80)
at com.framework.utils.ReportManager.reportStep(ReportManager.java:107)
at com.framework.base.SeleniumWrapper.takeSnap(SeleniumWrapper.java:901)
at com.framework.utils.ReportManager.reportStep(ReportManager.java:80)
at com.framework.utils.ReportManager.reportStep(ReportManager.java:107)
at com.framework.base.SeleniumWrapper.takeSnap(SeleniumWrapper.java:901)
at com.framework.utils.ReportManager.reportStep(ReportManager.java:80)
at com.framework.utils.ReportManager.reportStep(ReportManager.java:107)
at com.framework.base.SeleniumWrapper.takeSnap(SeleniumWrapper.java:901)
at com.framework.utils.ReportManager.reportStep(ReportManager.java:80)
at com.framework.utils.ReportManager.reportStep(ReportManager.java:107)
at com.framework.base.SeleniumWrapper.takeSnap(SeleniumWrapper.java:901)
at com.framework.utils.ReportManager.reportStep(ReportManager.java:80)
at com.framework.utils.ReportManager.reportStep(ReportManager.java:107)
at com.framework.base.SeleniumWrapper.takeSnap(SeleniumWrapper.java:901)
]]>
    </failure>
  </testcase> <!-- kubernetes -->
  <testcase classname="com.framework.utils.ReportManager" name="@BeforeSuite startReport" time="0.0">
    <ignored/>
  </testcase> <!-- @BeforeSuite startReport -->
  <testcase classname="com.framework.utils.ReportManager" name="@BeforeSuite startReport" time="0.0">
    <ignored/>
  </testcase> <!-- @BeforeSuite startReport -->
  <testcase classname="com.framework.utils.ReportManager" name="@BeforeSuite startReport" time="0.0">
    <ignored/>
  </testcase> <!-- @BeforeSuite startReport -->
  <testcase classname="com.framework.utils.ReportManager" name="@BeforeSuite startReport" time="0.0">
    <ignored/>
  </testcase> <!-- @BeforeSuite startReport -->
  <testcase classname="com.framework.utils.ReportManager" name="@BeforeSuite startReport" time="0.0">
    <ignored/>
  </testcase> <!-- @BeforeSuite startReport -->
  <testcase classname="com.framework.utils.ReportManager" name="@BeforeSuite startReport" time="0.0">
    <ignored/>
  </testcase> <!-- @BeforeSuite startReport -->
  <testcase classname="com.framework.utils.ReportManager" name="@BeforeSuite startReport" time="0.0">
    <ignored/>
  </testcase> <!-- @BeforeSuite startReport -->
  <testcase classname="com.framework.utils.ReportManager" name="@AfterSuite endResult" time="0.0">
    <ignored/>
  </testcase> <!-- @AfterSuite endResult -->
  <testcase classname="com.framework.utils.ReportManager" name="@AfterSuite endResult" time="0.0">
    <ignored/>
  </testcase> <!-- @AfterSuite endResult -->
  <testcase classname="com.framework.utils.ReportManager" name="@AfterSuite endResult" time="0.0">
    <ignored/>
  </testcase> <!-- @AfterSuite endResult -->
  <testcase classname="com.framework.utils.ReportManager" name="@AfterSuite endResult" time="0.0">
    <ignored/>
  </testcase> <!-- @AfterSuite endResult -->
  <testcase classname="com.framework.utils.ReportManager" name="@AfterSuite endResult" time="0.0">
    <ignored/>
  </testcase> <!-- @AfterSuite endResult -->
  <testcase classname="com.framework.utils.ReportManager" name="@AfterSuite endResult" time="0.0">
    <ignored/>
  </testcase> <!-- @AfterSuite endResult -->
  <testcase classname="com.framework.utils.ReportManager" name="@AfterSuite endResult" time="0.0">
    <ignored/>
  </testcase> <!-- @AfterSuite endResult -->
</testsuite> <!-- Test -->
