<!DOCTYPE html PUBLIC "-//W3C//DTD XHTML 1.1//EN" "https://www.w3.org/TR/xhtml11/DTD/xhtml11.dtd">
<html xmlns="https://www.w3.org/1999/xhtml">
<head>
<meta http-equiv="content-type" content="text/html; charset=UTF-8"/>
<title>TestNG Report</title>
<style type="text/css">table {margin-bottom:10px;border-collapse:collapse;empty-cells:show}th,td {border:1px solid #009;padding:.25em .5em}th {vertical-align:bottom}td {vertical-align:top}table a {font-weight:bold}.stripe td {background-color: #E6EBF9}.num {text-align:right}.passedodd td {background-color: #3F3}.passedeven td {background-color: #0A0}.skippedodd td {background-color: #DDD}.skippedeven td {background-color: #CCC}.failedodd td,.attn {background-color: #F33}.failedeven td,.stripe .attn {background-color: #D00}.stacktrace {white-space:pre;font-family:monospace}.totop {font-size:85%;text-align:center;border-bottom:2px solid #000}.invisible {display:none}</style>
</head>
<body>
<table>
<tr><th>Test</th><th># Passed</th><th># Skipped</th><th># Retried</th><th># Failed</th><th>Time (ms)</th><th>Included Groups</th><th>Excluded Groups</th></tr>
<tr><th colspan="8">Suite</th></tr>
<tr><td><a href="#t0">QA-Testing</a></td><td class="num">15</td><td class="num">0</td><td class="num">0</td><td class="num attn">4</td><td class="num">1,819,713</td><td></td><td></td></tr>
</table>
<table id='summary'><thead><tr><th>Class</th><th>Method</th><th>Start</th><th>Time (ms)</th></tr></thead><tbody><tr><th colspan="4">Suite</th></tr></tbody><tbody id="t0"><tr><th colspan="4">QA-Testing &#8212; failed</th></tr><tr class="failedeven"><td rowspan="1">testCases.TC003CreateInstance</td><td><a href="#m0">CreateNewInstance</a></td><td rowspan="1">1761896611394</td><td rowspan="1">36746</td></tr><tr class="failedodd"><td rowspan="1">testCases.TC008VolumeSnapShot</td><td><a href="#m1">VolumeSnapshotPage</a></td><td rowspan="1">1761896782683</td><td rowspan="1">63781</td></tr><tr class="failedeven"><td rowspan="1">testCases.TC009VMSanpShot</td><td><a href="#m2">VMSnapshotPage</a></td><td rowspan="1">1761896870478</td><td rowspan="1">69882</td></tr><tr class="failedodd"><td rowspan="1">testCases.TC025QuotaAndEvents</td><td><a href="#m3">QuotaAndEvents</a></td><td rowspan="1">1761897691995</td><td rowspan="1">688773</td></tr><tr><th colspan="4">QA-Testing &#8212; passed</th></tr><tr class="passedeven"><td rowspan="1">testCases.TC007VolumeCreation</td><td><a href="#m4">VolumePage</a></td><td rowspan="1">1761896714203</td><td rowspan="1">42804</td></tr><tr class="passedodd"><td rowspan="1">testCases.TC010SSHKeyCreation</td><td><a href="#m5">SshCreation</a></td><td rowspan="1">1761896952589</td><td rowspan="1">58758</td></tr><tr class="passedeven"><td rowspan="1">testCases.TC011AffinityGroups</td><td><a href="#m6">AffinityGroups</a></td><td rowspan="1">1761897028156</td><td rowspan="1">30520</td></tr><tr class="passedodd"><td rowspan="1">testCases.TC012BasicNetworks</td><td><a href="#m7">BasicNetwork</a></td><td rowspan="1">1761897070638</td><td rowspan="1">50746</td></tr><tr class="passedeven"><td rowspan="1">testCases.TC013VPCNetwork</td><td><a href="#m8">CreateVPCNetwork</a></td><td rowspan="1">1761897135043</td><td rowspan="1">57638</td></tr><tr class="passedodd"><td rowspan="1">testCases.TC016IpManager</td><td><a href="#m9">CreateIPManager</a></td><td rowspan="1">1761897208897</td><td rowspan="1">46897</td></tr><tr class="passedeven"><td rowspan="1">testCases.TC017LoadBalancer</td><td><a href="#m10">CreateLoadBalancer</a></td><td rowspan="1">1761897274086</td><td rowspan="1">70931</td></tr><tr class="passedodd"><td rowspan="1">testCases.TC018AppsPage$TC013VPCNetwork</td><td><a href="#m11">CreateApps</a></td><td rowspan="1">1761896662668</td><td rowspan="1">32706</td></tr><tr class="passedeven"><td rowspan="1">testCases.TC019AddonPages</td><td><a href="#m12">CreateAddons</a></td><td rowspan="1">1761897358402</td><td rowspan="1">28381</td></tr><tr class="passedodd"><td rowspan="1">testCases.TC020BillingPages</td><td><a href="#m13">BillingPages</a></td><td rowspan="1">1761897396202</td><td rowspan="1">36052</td></tr><tr class="passedeven"><td rowspan="1">testCases.TC021SupportPages</td><td><a href="#m14">supportPages</a></td><td rowspan="1">1761897448124</td><td rowspan="1">30452</td></tr><tr class="passedodd"><td rowspan="1">testCases.TC022ProfileScreen</td><td><a href="#m15">Profilescreen</a></td><td rowspan="1">1761897502702</td><td rowspan="1">42092</td></tr><tr class="passedeven"><td rowspan="1">testCases.TC023CreateRoles</td><td><a href="#m16">CreateRoles</a></td><td rowspan="1">1761897562033</td><td rowspan="1">40051</td></tr><tr class="passedodd"><td rowspan="1">testCases.TC024CreateSubUsers</td><td><a href="#m17">CreateSubUsers</a></td><td rowspan="1">1761897625570</td><td rowspan="1">52551</td></tr><tr class="passedeven"><td rowspan="1">testCases.TC026HelpCenter</td><td><a href="#m18">HelpCenter</a></td><td rowspan="1">1761898398322</td><td rowspan="1">19360</td></tr></tbody>
</table>
<h2>QA-Testing</h2><h3 id="m0">testCases.TC003CreateInstance#CreateNewInstance</h3><table class="result"><tr><th>Exception</th></tr><tr><td><div class="stacktrace">java.lang.ArrayIndexOutOfBoundsException: Index 1 out of bounds for length 1
	at com.wolfapp.OSimages.AllOsImages.listOsImages(AllOsImages.java:23)
	at testCases.TC003CreateInstance.CreateNewInstance(TC003CreateInstance.java:28)
	at java.base/jdk.internal.reflect.DirectMethodHandleAccessor.invoke(DirectMethodHandleAccessor.java:103)
	at java.base/java.lang.reflect.Method.invoke(Method.java:580)
	at org.testng.internal.MethodInvocationHelper.invokeMethod(MethodInvocationHelper.java:133)
	at org.testng.internal.TestInvoker.invokeMethod(TestInvoker.java:598)
	at org.testng.internal.TestInvoker.invokeTestMethod(TestInvoker.java:173)
	at org.testng.internal.MethodRunner.runInSequence(MethodRunner.java:46)
	at org.testng.internal.TestInvoker$MethodInvocationAgent.invoke(TestInvoker.java:824)
	at org.testng.internal.TestInvoker.invokeTestMethods(TestInvoker.java:146)
	at org.testng.internal.TestMethodWorker.invokeTestMethods(TestMethodWorker.java:146)
	at org.testng.internal.TestMethodWorker.run(TestMethodWorker.java:128)
	at java.base/java.util.ArrayList.forEach(ArrayList.java:1597)
	at org.testng.TestRunner.privateRun(TestRunner.java:794)
	at org.testng.TestRunner.run(TestRunner.java:596)
	at org.testng.SuiteRunner.runTest(SuiteRunner.java:377)
	at org.testng.SuiteRunner.runSequentially(SuiteRunner.java:371)
	at org.testng.SuiteRunner.privateRun(SuiteRunner.java:332)
	at org.testng.SuiteRunner.run(SuiteRunner.java:276)
	at org.testng.SuiteRunnerWorker.runSuite(SuiteRunnerWorker.java:53)
	at org.testng.SuiteRunnerWorker.run(SuiteRunnerWorker.java:96)
	at org.testng.TestNG.runSuitesSequentially(TestNG.java:1212)
	at org.testng.TestNG.runSuitesLocally(TestNG.java:1134)
	at org.testng.TestNG.runSuites(TestNG.java:1063)
	at org.testng.TestNG.run(TestNG.java:1031)
	at org.testng.remote.AbstractRemoteTestNG.run(AbstractRemoteTestNG.java:115)
	at org.testng.remote.RemoteTestNG.initAndRun(RemoteTestNG.java:293)
	at org.testng.remote.RemoteTestNG.main(RemoteTestNG.java:91)
</div></td></tr></table><p class="totop"><a href="#summary">back to summary</a></p>
<h3 id="m1">testCases.TC008VolumeSnapShot#VolumeSnapshotPage</h3><table class="result"><tr><th>Exception</th></tr><tr><td><div class="stacktrace">java.lang.RuntimeException: See the reporter for details.
	at com.framework.utils.ReportManager.reportStep(ReportManager.java:92)
	at com.framework.utils.ReportManager.reportStep(ReportManager.java:107)
	at com.framework.base.SeleniumWrapper.selectDropDownUsingValue(SeleniumWrapper.java:468)
	at com.wolfapp.Computepages.VolumeSnapShotPage.createVolumeSnapshot(VolumeSnapShotPage.java:10)
	at testCases.TC008VolumeSnapShot.VolumeSnapshotPage(TC008VolumeSnapShot.java:24)
	at java.base/jdk.internal.reflect.DirectMethodHandleAccessor.invoke(DirectMethodHandleAccessor.java:103)
	at java.base/java.lang.reflect.Method.invoke(Method.java:580)
	at org.testng.internal.MethodInvocationHelper.invokeMethod(MethodInvocationHelper.java:133)
	at org.testng.internal.TestInvoker.invokeMethod(TestInvoker.java:598)
	at org.testng.internal.TestInvoker.invokeTestMethod(TestInvoker.java:173)
	at org.testng.internal.MethodRunner.runInSequence(MethodRunner.java:46)
	at org.testng.internal.TestInvoker$MethodInvocationAgent.invoke(TestInvoker.java:824)
	at org.testng.internal.TestInvoker.invokeTestMethods(TestInvoker.java:146)
	at org.testng.internal.TestMethodWorker.invokeTestMethods(TestMethodWorker.java:146)
	at org.testng.internal.TestMethodWorker.run(TestMethodWorker.java:128)
	at java.base/java.util.ArrayList.forEach(ArrayList.java:1597)
	at org.testng.TestRunner.privateRun(TestRunner.java:794)
	at org.testng.TestRunner.run(TestRunner.java:596)
	at org.testng.SuiteRunner.runTest(SuiteRunner.java:377)
	at org.testng.SuiteRunner.runSequentially(SuiteRunner.java:371)
	at org.testng.SuiteRunner.privateRun(SuiteRunner.java:332)
	at org.testng.SuiteRunner.run(SuiteRunner.java:276)
	at org.testng.SuiteRunnerWorker.runSuite(SuiteRunnerWorker.java:53)
	at org.testng.SuiteRunnerWorker.run(SuiteRunnerWorker.java:96)
	at org.testng.TestNG.runSuitesSequentially(TestNG.java:1212)
	at org.testng.TestNG.runSuitesLocally(TestNG.java:1134)
	at org.testng.TestNG.runSuites(TestNG.java:1063)
	at org.testng.TestNG.run(TestNG.java:1031)
	at org.testng.remote.AbstractRemoteTestNG.run(AbstractRemoteTestNG.java:115)
	at org.testng.remote.RemoteTestNG.initAndRun(RemoteTestNG.java:293)
	at org.testng.remote.RemoteTestNG.main(RemoteTestNG.java:91)
</div></td></tr></table><p class="totop"><a href="#summary">back to summary</a></p>
<h3 id="m2">testCases.TC009VMSanpShot#VMSnapshotPage</h3><table class="result"><tr><th>Exception</th></tr><tr><td><div class="stacktrace">java.lang.RuntimeException: See the reporter for details.
	at com.framework.utils.ReportManager.reportStep(ReportManager.java:92)
	at com.framework.utils.ReportManager.reportStep(ReportManager.java:107)
	at com.framework.base.SeleniumWrapper.selectDropDownUsingValue(SeleniumWrapper.java:468)
	at com.wolfapp.Computepages.VmSnapshotPage.createVmSnapshot(VmSnapshotPage.java:17)
	at testCases.TC009VMSanpShot.VMSnapshotPage(TC009VMSanpShot.java:24)
	at java.base/jdk.internal.reflect.DirectMethodHandleAccessor.invoke(DirectMethodHandleAccessor.java:103)
	at java.base/java.lang.reflect.Method.invoke(Method.java:580)
	at org.testng.internal.MethodInvocationHelper.invokeMethod(MethodInvocationHelper.java:133)
	at org.testng.internal.TestInvoker.invokeMethod(TestInvoker.java:598)
	at org.testng.internal.TestInvoker.invokeTestMethod(TestInvoker.java:173)
	at org.testng.internal.MethodRunner.runInSequence(MethodRunner.java:46)
	at org.testng.internal.TestInvoker$MethodInvocationAgent.invoke(TestInvoker.java:824)
	at org.testng.internal.TestInvoker.invokeTestMethods(TestInvoker.java:146)
	at org.testng.internal.TestMethodWorker.invokeTestMethods(TestMethodWorker.java:146)
	at org.testng.internal.TestMethodWorker.run(TestMethodWorker.java:128)
	at java.base/java.util.ArrayList.forEach(ArrayList.java:1597)
	at org.testng.TestRunner.privateRun(TestRunner.java:794)
	at org.testng.TestRunner.run(TestRunner.java:596)
	at org.testng.SuiteRunner.runTest(SuiteRunner.java:377)
	at org.testng.SuiteRunner.runSequentially(SuiteRunner.java:371)
	at org.testng.SuiteRunner.privateRun(SuiteRunner.java:332)
	at org.testng.SuiteRunner.run(SuiteRunner.java:276)
	at org.testng.SuiteRunnerWorker.runSuite(SuiteRunnerWorker.java:53)
	at org.testng.SuiteRunnerWorker.run(SuiteRunnerWorker.java:96)
	at org.testng.TestNG.runSuitesSequentially(TestNG.java:1212)
	at org.testng.TestNG.runSuitesLocally(TestNG.java:1134)
	at org.testng.TestNG.runSuites(TestNG.java:1063)
	at org.testng.TestNG.run(TestNG.java:1031)
	at org.testng.remote.AbstractRemoteTestNG.run(AbstractRemoteTestNG.java:115)
	at org.testng.remote.RemoteTestNG.initAndRun(RemoteTestNG.java:293)
	at org.testng.remote.RemoteTestNG.main(RemoteTestNG.java:91)
</div></td></tr></table><p class="totop"><a href="#summary">back to summary</a></p>
<h3 id="m3">testCases.TC025QuotaAndEvents#QuotaAndEvents</h3><table class="result"><tr><th>Exception</th></tr><tr><td><div class="stacktrace">java.lang.RuntimeException: See the reporter for details.
	at com.framework.utils.ReportManager.reportStep(ReportManager.java:92)
	at com.framework.utils.ReportManager.reportStep(ReportManager.java:107)
	at com.framework.base.SeleniumWrapper.click(SeleniumWrapper.java:239)
	at com.wolfapp.company.CompanyPages.clickMyActivity(CompanyPages.java:35)
	at testCases.TC025QuotaAndEvents.QuotaAndEvents(TC025QuotaAndEvents.java:23)
	at java.base/jdk.internal.reflect.DirectMethodHandleAccessor.invoke(DirectMethodHandleAccessor.java:103)
	at java.base/java.lang.reflect.Method.invoke(Method.java:580)
	at org.testng.internal.MethodInvocationHelper.invokeMethod(MethodInvocationHelper.java:133)
	at org.testng.internal.TestInvoker.invokeMethod(TestInvoker.java:598)
	at org.testng.internal.TestInvoker.invokeTestMethod(TestInvoker.java:173)
	at org.testng.internal.MethodRunner.runInSequence(MethodRunner.java:46)
	at org.testng.internal.TestInvoker$MethodInvocationAgent.invoke(TestInvoker.java:824)
	at org.testng.internal.TestInvoker.invokeTestMethods(TestInvoker.java:146)
	at org.testng.internal.TestMethodWorker.invokeTestMethods(TestMethodWorker.java:146)
	at org.testng.internal.TestMethodWorker.run(TestMethodWorker.java:128)
	at java.base/java.util.ArrayList.forEach(ArrayList.java:1597)
	at org.testng.TestRunner.privateRun(TestRunner.java:794)
	at org.testng.TestRunner.run(TestRunner.java:596)
	at org.testng.SuiteRunner.runTest(SuiteRunner.java:377)
	at org.testng.SuiteRunner.runSequentially(SuiteRunner.java:371)
	at org.testng.SuiteRunner.privateRun(SuiteRunner.java:332)
	at org.testng.SuiteRunner.run(SuiteRunner.java:276)
	at org.testng.SuiteRunnerWorker.runSuite(SuiteRunnerWorker.java:53)
	at org.testng.SuiteRunnerWorker.run(SuiteRunnerWorker.java:96)
	at org.testng.TestNG.runSuitesSequentially(TestNG.java:1212)
	at org.testng.TestNG.runSuitesLocally(TestNG.java:1134)
	at org.testng.TestNG.runSuites(TestNG.java:1063)
	at org.testng.TestNG.run(TestNG.java:1031)
	at org.testng.remote.AbstractRemoteTestNG.run(AbstractRemoteTestNG.java:115)
	at org.testng.remote.RemoteTestNG.initAndRun(RemoteTestNG.java:293)
	at org.testng.remote.RemoteTestNG.main(RemoteTestNG.java:91)
</div></td></tr></table><p class="totop"><a href="#summary">back to summary</a></p>
<h3 id="m4">testCases.TC007VolumeCreation#VolumePage</h3><table class="result"><tr><th class="invisible"/></tr></table><p class="totop"><a href="#summary">back to summary</a></p>
<h3 id="m5">testCases.TC010SSHKeyCreation#SshCreation</h3><table class="result"><tr><th class="invisible"/></tr></table><p class="totop"><a href="#summary">back to summary</a></p>
<h3 id="m6">testCases.TC011AffinityGroups#AffinityGroups</h3><table class="result"><tr><th class="invisible"/></tr></table><p class="totop"><a href="#summary">back to summary</a></p>
<h3 id="m7">testCases.TC012BasicNetworks#BasicNetwork</h3><table class="result"><tr><th class="invisible"/></tr></table><p class="totop"><a href="#summary">back to summary</a></p>
<h3 id="m8">testCases.TC013VPCNetwork#CreateVPCNetwork</h3><table class="result"><tr><th class="invisible"/></tr></table><p class="totop"><a href="#summary">back to summary</a></p>
<h3 id="m9">testCases.TC016IpManager#CreateIPManager</h3><table class="result"><tr><th class="invisible"/></tr></table><p class="totop"><a href="#summary">back to summary</a></p>
<h3 id="m10">testCases.TC017LoadBalancer#CreateLoadBalancer</h3><table class="result"><tr><th class="invisible"/></tr></table><p class="totop"><a href="#summary">back to summary</a></p>
<h3 id="m11">testCases.TC018AppsPage$TC013VPCNetwork#CreateApps</h3><table class="result"><tr><th class="invisible"/></tr></table><p class="totop"><a href="#summary">back to summary</a></p>
<h3 id="m12">testCases.TC019AddonPages#CreateAddons</h3><table class="result"><tr><th class="invisible"/></tr></table><p class="totop"><a href="#summary">back to summary</a></p>
<h3 id="m13">testCases.TC020BillingPages#BillingPages</h3><table class="result"><tr><th class="invisible"/></tr></table><p class="totop"><a href="#summary">back to summary</a></p>
<h3 id="m14">testCases.TC021SupportPages#supportPages</h3><table class="result"><tr><th class="invisible"/></tr></table><p class="totop"><a href="#summary">back to summary</a></p>
<h3 id="m15">testCases.TC022ProfileScreen#Profilescreen</h3><table class="result"><tr><th class="invisible"/></tr></table><p class="totop"><a href="#summary">back to summary</a></p>
<h3 id="m16">testCases.TC023CreateRoles#CreateRoles</h3><table class="result"><tr><th class="invisible"/></tr></table><p class="totop"><a href="#summary">back to summary</a></p>
<h3 id="m17">testCases.TC024CreateSubUsers#CreateSubUsers</h3><table class="result"><tr><th class="invisible"/></tr></table><p class="totop"><a href="#summary">back to summary</a></p>
<h3 id="m18">testCases.TC026HelpCenter#HelpCenter</h3><table class="result"><tr><th class="invisible"/></tr></table><p class="totop"><a href="#summary">back to summary</a></p>
</body>
</html>
