<?xml version="1.0" encoding="UTF-8"?>
<testng-results ignored="0" total="1" passed="1" failed="0" skipped="0">
  <reporter-output>
  </reporter-output>
  <suite started-at="2025-11-23T17:46:18 IST" name="Default suite" finished-at="2025-11-23T17:46:54 IST" duration-ms="36153">
    <groups>
    </groups>
    <test started-at="2025-11-23T17:46:18 IST" name="Default test" finished-at="2025-11-23T17:46:54 IST" duration-ms="36153">
      <class name="testCases.TC018AppsPage$TC013VPCNetwork">
        <test-method is-config="true" signature="startReport()[pri:0, instance:testCases.TC018AppsPage$TC013VPCNetwork@48075da3]" started-at="2025-11-23T17:46:17 IST" name="startReport" finished-at="2025-11-23T17:46:18 IST" duration-ms="129" status="PASS">
          <reporter-output>
          </reporter-output>
        </test-method> <!-- startReport -->
        <test-method is-config="true" signature="setValues()[pri:0, instance:testCases.TC018AppsPage$TC013VPCNetwork@48075da3]" started-at="2025-11-23T17:46:18 IST" name="setValues" finished-at="2025-11-23T17:46:18 IST" duration-ms="0" status="PASS">
          <reporter-output>
          </reporter-output>
        </test-method> <!-- setValues -->
        <test-method is-config="true" signature="startTestCase()[pri:0, instance:testCases.TC018AppsPage$TC013VPCNetwork@48075da3]" started-at="2025-11-23T17:46:18 IST" name="startTestCase" finished-at="2025-11-23T17:46:18 IST" duration-ms="3" status="PASS">
          <reporter-output>
          </reporter-output>
        </test-method> <!-- startTestCase -->
        <test-method is-config="true" signature="preCondition()[pri:0, instance:testCases.TC018AppsPage$TC013VPCNetwork@48075da3]" started-at="2025-11-23T17:46:18 IST" name="preCondition" finished-at="2025-11-23T17:46:33 IST" duration-ms="15610" status="PASS">
          <reporter-output>
          </reporter-output>
        </test-method> <!-- preCondition -->
        <test-method signature="CreateApps()[pri:0, instance:testCases.TC018AppsPage$TC013VPCNetwork@48075da3]" started-at="2025-11-23T17:46:33 IST" name="CreateApps" finished-at="2025-11-23T17:46:53 IST" duration-ms="19833" status="PASS">
          <reporter-output>
          </reporter-output>
        </test-method> <!-- CreateApps -->
        <test-method is-config="true" signature="postCondition()[pri:0, instance:testCases.TC018AppsPage$TC013VPCNetwork@48075da3]" started-at="2025-11-23T17:46:53 IST" name="postCondition" finished-at="2025-11-23T17:46:54 IST" duration-ms="685" status="PASS">
          <reporter-output>
          </reporter-output>
        </test-method> <!-- postCondition -->
        <test-method is-config="true" signature="endResult()[pri:0, instance:testCases.TC018AppsPage$TC013VPCNetwork@48075da3]" started-at="2025-11-23T17:46:54 IST" name="endResult" finished-at="2025-11-23T17:46:54 IST" duration-ms="239" status="PASS">
          <reporter-output>
          </reporter-output>
        </test-method> <!-- endResult -->
      </class> <!-- testCases.TC018AppsPage$TC013VPCNetwork -->
    </test> <!-- Default test -->
  </suite> <!-- Default suite -->
</testng-results>
